[2025-12-08T05:44:32.483+0000] {taskinstance.py:1157} INFO - Dependencies all met for dep_context=non-requeueable deps ti=<TaskInstance: market_ml_forecasting.prepare_training_data manual__2025-12-08T05:44:31.157526+00:00 [queued]>
[2025-12-08T05:44:32.486+0000] {taskinstance.py:1157} INFO - Dependencies all met for dep_context=requeueable deps ti=<TaskInstance: market_ml_forecasting.prepare_training_data manual__2025-12-08T05:44:31.157526+00:00 [queued]>
[2025-12-08T05:44:32.486+0000] {taskinstance.py:1359} INFO - Starting attempt 1 of 1
[2025-12-08T05:44:32.491+0000] {taskinstance.py:1380} INFO - Executing <Task(SnowflakeOperator): prepare_training_data> on 2025-12-08 05:44:31.157526+00:00
[2025-12-08T05:44:32.494+0000] {standard_task_runner.py:57} INFO - Started process 1350 to run task
[2025-12-08T05:44:32.496+0000] {standard_task_runner.py:84} INFO - Running: ['***', 'tasks', 'run', 'market_ml_forecasting', 'prepare_training_data', 'manual__2025-12-08T05:44:31.157526+00:00', '--job-id', '28', '--raw', '--subdir', 'DAGS_FOLDER/ml_forecast_dag.py', '--cfg-path', '/tmp/tmpk01iusaq']
[2025-12-08T05:44:32.498+0000] {standard_task_runner.py:85} INFO - Job 28: Subtask prepare_training_data
[2025-12-08T05:44:32.505+0000] {logging_mixin.py:151} WARNING - /home/***/.local/lib/python3.9/site-packages/***/settings.py:195 DeprecationWarning: The sql_alchemy_conn option in [core] has been moved to the sql_alchemy_conn option in [database] - the old setting has been used, but please update your config.
[2025-12-08T05:44:32.519+0000] {task_command.py:415} INFO - Running <TaskInstance: market_ml_forecasting.prepare_training_data manual__2025-12-08T05:44:31.157526+00:00 [running]> on host 9b5a184fb48c
[2025-12-08T05:44:32.548+0000] {taskinstance.py:1660} INFO - Exporting env vars: AIRFLOW_CTX_DAG_OWNER='***' AIRFLOW_CTX_DAG_ID='market_ml_forecasting' AIRFLOW_CTX_TASK_ID='prepare_training_data' AIRFLOW_CTX_EXECUTION_DATE='2025-12-08T05:44:31.157526+00:00' AIRFLOW_CTX_TRY_NUMBER='1' AIRFLOW_CTX_DAG_RUN_ID='manual__2025-12-08T05:44:31.157526+00:00'
[2025-12-08T05:44:32.548+0000] {sql.py:274} INFO - Executing: 
            CREATE OR REPLACE TABLE ANALYTICS.market_training_data AS
            SELECT 
                symbol,
                date,
                close
            FROM ANALYTICS.stg_market_prices
            -- This removes duplicates if they exist
            QUALIFY ROW_NUMBER() OVER (PARTITION BY symbol, date ORDER BY date) = 1;
        
[2025-12-08T05:44:32.555+0000] {base.py:73} INFO - Using connection ID 'snowflake_conn' for task execution.
[2025-12-08T05:44:32.559+0000] {base.py:73} INFO - Using connection ID 'snowflake_conn' for task execution.
[2025-12-08T05:44:32.559+0000] {connection.py:521} INFO - Snowflake Connector for Python Version: 3.18.0, Python Version: 3.9.18, Platform: Linux-6.10.14-linuxkit-aarch64-with-glibc2.31
[2025-12-08T05:44:32.560+0000] {connection.py:1464} INFO - Connecting to GLOBAL Snowflake domain
[2025-12-08T05:44:35.687+0000] {sql.py:418} INFO - Running statement: CREATE OR REPLACE TABLE ANALYTICS.market_training_data AS
            SELECT 
                symbol,
                date,
                close
            FROM ANALYTICS.stg_market_prices
            -- This removes duplicates if they exist
            QUALIFY ROW_NUMBER() OVER (PARTITION BY symbol, date ORDER BY date) = 1;, parameters: None
[2025-12-08T05:44:36.508+0000] {sql.py:427} INFO - Rows affected: 1
[2025-12-08T05:44:36.510+0000] {snowflake.py:427} INFO - Rows affected: 1
[2025-12-08T05:44:36.510+0000] {snowflake.py:428} INFO - Snowflake query id: 01c0e818-0307-38f6-0018-7f630002924a
[2025-12-08T05:44:36.773+0000] {taskinstance.py:1398} INFO - Marking task as SUCCESS. dag_id=market_ml_forecasting, task_id=prepare_training_data, execution_date=20251208T054431, start_date=20251208T054432, end_date=20251208T054436
[2025-12-08T05:44:36.837+0000] {local_task_job_runner.py:228} INFO - Task exited with return code 0
[2025-12-08T05:44:36.867+0000] {taskinstance.py:2776} INFO - 1 downstream tasks scheduled from follow-on schedule check
