[2025-12-08T06:01:05.932+0000] {taskinstance.py:1157} INFO - Dependencies all met for dep_context=non-requeueable deps ti=<TaskInstance: market_ml_forecasting.generate_forecast manual__2025-12-08T05:58:24.477815+00:00 [queued]>
[2025-12-08T06:01:05.935+0000] {taskinstance.py:1157} INFO - Dependencies all met for dep_context=requeueable deps ti=<TaskInstance: market_ml_forecasting.generate_forecast manual__2025-12-08T05:58:24.477815+00:00 [queued]>
[2025-12-08T06:01:05.935+0000] {taskinstance.py:1359} INFO - Starting attempt 1 of 2
[2025-12-08T06:01:05.940+0000] {taskinstance.py:1380} INFO - Executing <Task(SnowflakeOperator): generate_forecast> on 2025-12-08 05:58:24.477815+00:00
[2025-12-08T06:01:05.943+0000] {standard_task_runner.py:57} INFO - Started process 1934 to run task
[2025-12-08T06:01:05.945+0000] {standard_task_runner.py:84} INFO - Running: ['***', 'tasks', 'run', 'market_ml_forecasting', 'generate_forecast', 'manual__2025-12-08T05:58:24.477815+00:00', '--job-id', '37', '--raw', '--subdir', 'DAGS_FOLDER/ml_forecast_dag.py', '--cfg-path', '/tmp/tmpavwt05mm']
[2025-12-08T06:01:05.947+0000] {standard_task_runner.py:85} INFO - Job 37: Subtask generate_forecast
[2025-12-08T06:01:05.954+0000] {logging_mixin.py:151} WARNING - /home/***/.local/lib/python3.9/site-packages/***/settings.py:195 DeprecationWarning: The sql_alchemy_conn option in [core] has been moved to the sql_alchemy_conn option in [database] - the old setting has been used, but please update your config.
[2025-12-08T06:01:05.982+0000] {task_command.py:415} INFO - Running <TaskInstance: market_ml_forecasting.generate_forecast manual__2025-12-08T05:58:24.477815+00:00 [running]> on host 9b5a184fb48c
[2025-12-08T06:01:06.023+0000] {taskinstance.py:1660} INFO - Exporting env vars: AIRFLOW_CTX_DAG_OWNER='***' AIRFLOW_CTX_DAG_ID='market_ml_forecasting' AIRFLOW_CTX_TASK_ID='generate_forecast' AIRFLOW_CTX_EXECUTION_DATE='2025-12-08T05:58:24.477815+00:00' AIRFLOW_CTX_TRY_NUMBER='1' AIRFLOW_CTX_DAG_RUN_ID='manual__2025-12-08T05:58:24.477815+00:00'
[2025-12-08T06:01:06.024+0000] {sql.py:274} INFO - Executing: 
            BEGIN
                CALL ANALYTICS.market_price_forecaster!FORECAST(FORECASTING_PERIODS => 14);
                
                CREATE OR REPLACE TABLE ANALYTICS.market_forecast_results AS
                SELECT 
                    series as symbol,
                    ts as forecast_date,
                    forecast as predicted_close
                FROM TABLE(RESULT_SCAN(LAST_QUERY_ID()));
            END;
        
[2025-12-08T06:01:06.034+0000] {base.py:73} INFO - Using connection ID 'snowflake_conn' for task execution.
[2025-12-08T06:01:06.039+0000] {base.py:73} INFO - Using connection ID 'snowflake_conn' for task execution.
[2025-12-08T06:01:06.039+0000] {connection.py:521} INFO - Snowflake Connector for Python Version: 3.18.0, Python Version: 3.9.18, Platform: Linux-6.10.14-linuxkit-aarch64-with-glibc2.31
[2025-12-08T06:01:06.040+0000] {connection.py:1464} INFO - Connecting to GLOBAL Snowflake domain
[2025-12-08T06:01:08.943+0000] {sql.py:418} INFO - Running statement: BEGIN
                CALL ANALYTICS.market_price_forecaster!FORECAST(FORECASTING_PERIODS => 14);, parameters: None
[2025-12-08T06:01:09.201+0000] {taskinstance.py:1935} ERROR - Task failed with exception
Traceback (most recent call last):
  File "/home/airflow/.local/lib/python3.9/site-packages/airflow/providers/common/sql/operators/sql.py", line 280, in execute
    output = hook.run(
  File "/home/airflow/.local/lib/python3.9/site-packages/airflow/providers/snowflake/hooks/snowflake.py", line 415, in run
    self._run_command(cur, sql_statement, parameters)
  File "/home/airflow/.local/lib/python3.9/site-packages/airflow/providers/common/sql/hooks/sql.py", line 423, in _run_command
    cur.execute(sql_statement)
  File "/home/airflow/.local/lib/python3.9/site-packages/snowflake/connector/cursor.py", line 1134, in execute
    Error.errorhandler_wrapper(self.connection, self, error_class, errvalue)
  File "/home/airflow/.local/lib/python3.9/site-packages/snowflake/connector/errors.py", line 286, in errorhandler_wrapper
    handed_over = Error.hand_to_other_handler(
  File "/home/airflow/.local/lib/python3.9/site-packages/snowflake/connector/errors.py", line 341, in hand_to_other_handler
    cursor.errorhandler(connection, cursor, error_class, error_value)
  File "/home/airflow/.local/lib/python3.9/site-packages/snowflake/connector/errors.py", line 217, in default_errorhandler
    raise error_class(
snowflake.connector.errors.ProgrammingError: 001003 (42000): 01c0e829-0307-38f6-0018-7f63000292ce: SQL compilation error:
syntax error line 2 at position 91 unexpected '<EOF>'.
[2025-12-08T06:01:09.218+0000] {taskinstance.py:1398} INFO - Marking task as UP_FOR_RETRY. dag_id=market_ml_forecasting, task_id=generate_forecast, execution_date=20251208T055824, start_date=20251208T060105, end_date=20251208T060109
[2025-12-08T06:01:09.232+0000] {standard_task_runner.py:104} ERROR - Failed to execute job 37 for task generate_forecast (001003 (42000): 01c0e829-0307-38f6-0018-7f63000292ce: SQL compilation error:
syntax error line 2 at position 91 unexpected '<EOF>'.; 1934)
[2025-12-08T06:01:09.270+0000] {local_task_job_runner.py:228} INFO - Task exited with return code 1
[2025-12-08T06:01:09.291+0000] {taskinstance.py:2776} INFO - 0 downstream tasks scheduled from follow-on schedule check
