[2025-12-08T06:14:26.886+0000] {taskinstance.py:1157} INFO - Dependencies all met for dep_context=non-requeueable deps ti=<TaskInstance: group_proj_dbt.dbt_run manual__2025-12-08T06:14:25.660906+00:00 [queued]>
[2025-12-08T06:14:26.888+0000] {taskinstance.py:1157} INFO - Dependencies all met for dep_context=requeueable deps ti=<TaskInstance: group_proj_dbt.dbt_run manual__2025-12-08T06:14:25.660906+00:00 [queued]>
[2025-12-08T06:14:26.888+0000] {taskinstance.py:1359} INFO - Starting attempt 1 of 1
[2025-12-08T06:14:26.892+0000] {taskinstance.py:1380} INFO - Executing <Task(BashOperator): dbt_run> on 2025-12-08 06:14:25.660906+00:00
[2025-12-08T06:14:26.898+0000] {standard_task_runner.py:57} INFO - Started process 2413 to run task
[2025-12-08T06:14:26.900+0000] {standard_task_runner.py:84} INFO - Running: ['***', 'tasks', 'run', 'group_proj_dbt', 'dbt_run', 'manual__2025-12-08T06:14:25.660906+00:00', '--job-id', '43', '--raw', '--subdir', 'DAGS_FOLDER/group_proj_dbt.py', '--cfg-path', '/tmp/tmploeiwl_7']
[2025-12-08T06:14:26.903+0000] {standard_task_runner.py:85} INFO - Job 43: Subtask dbt_run
[2025-12-08T06:14:26.912+0000] {logging_mixin.py:151} WARNING - /home/***/.local/lib/python3.9/site-packages/***/settings.py:195 DeprecationWarning: The sql_alchemy_conn option in [core] has been moved to the sql_alchemy_conn option in [database] - the old setting has been used, but please update your config.
[2025-12-08T06:14:26.926+0000] {task_command.py:415} INFO - Running <TaskInstance: group_proj_dbt.dbt_run manual__2025-12-08T06:14:25.660906+00:00 [running]> on host 9b5a184fb48c
[2025-12-08T06:14:26.965+0000] {taskinstance.py:1660} INFO - Exporting env vars: AIRFLOW_CTX_DAG_OWNER='calvin' AIRFLOW_CTX_DAG_ID='group_proj_dbt' AIRFLOW_CTX_TASK_ID='dbt_run' AIRFLOW_CTX_EXECUTION_DATE='2025-12-08T06:14:25.660906+00:00' AIRFLOW_CTX_TRY_NUMBER='1' AIRFLOW_CTX_DAG_RUN_ID='manual__2025-12-08T06:14:25.660906+00:00'
[2025-12-08T06:14:26.965+0000] {subprocess.py:63} INFO - Tmp dir root location: /tmp
[2025-12-08T06:14:26.966+0000] {subprocess.py:75} INFO - Running command: ['/bin/bash', '-c', '/home/***/.local/bin/dbt run --profiles-dir /opt/***/dbt --project-dir /opt/***/dbt']
[2025-12-08T06:14:26.970+0000] {subprocess.py:86} INFO - Output:
[2025-12-08T06:14:28.006+0000] {subprocess.py:93} INFO - [0m06:14:28  Running with dbt=1.11.0-b3
[2025-12-08T06:14:28.717+0000] {subprocess.py:93} INFO - [0m06:14:28  Registered adapter: snowflake=1.10.2
[2025-12-08T06:14:29.061+0000] {subprocess.py:93} INFO - [0m06:14:29  [[33mWARNING[0m]: Configuration paths exist in your dbt_project.yml file which do not apply to any resources.
[2025-12-08T06:14:29.062+0000] {subprocess.py:93} INFO - There are 2 unused configuration paths:
[2025-12-08T06:14:29.062+0000] {subprocess.py:93} INFO - - models.stock_crypto_project.input
[2025-12-08T06:14:29.062+0000] {subprocess.py:93} INFO - - models.stock_crypto_project.output
[2025-12-08T06:14:29.290+0000] {subprocess.py:93} INFO - [0m06:14:29  Found 3 models, 2 sources, 492 macros
[2025-12-08T06:14:29.292+0000] {subprocess.py:93} INFO - [0m06:14:29
[2025-12-08T06:14:29.292+0000] {subprocess.py:93} INFO - [0m06:14:29  Concurrency: 1 threads (target='dev')
[2025-12-08T06:14:29.292+0000] {subprocess.py:93} INFO - [0m06:14:29
[2025-12-08T06:14:30.375+0000] {subprocess.py:93} INFO - [0m06:14:30  1 of 3 START sql view model ANALYTICS.stg_market_prices ........................ [RUN]
[2025-12-08T06:14:30.772+0000] {subprocess.py:93} INFO - [0m06:14:30  1 of 3 OK created sql view model ANALYTICS.stg_market_prices ................... [[32mSUCCESS 1[0m in 0.39s]
[2025-12-08T06:14:30.775+0000] {subprocess.py:93} INFO - [0m06:14:30  2 of 3 START sql table model ANALYTICS.final_prediction ........................ [RUN]
[2025-12-08T06:14:32.338+0000] {subprocess.py:93} INFO - [0m06:14:32  2 of 3 OK created sql table model ANALYTICS.final_prediction ................... [[32mSUCCESS 1[0m in 1.56s]
[2025-12-08T06:14:32.344+0000] {subprocess.py:93} INFO - [0m06:14:32  3 of 3 START sql view model ANALYTICS.market_analysis .......................... [RUN]
[2025-12-08T06:14:32.690+0000] {subprocess.py:93} INFO - [0m06:14:32  3 of 3 OK created sql view model ANALYTICS.market_analysis ..................... [[32mSUCCESS 1[0m in 0.34s]
[2025-12-08T06:14:32.814+0000] {subprocess.py:93} INFO - [0m06:14:32
[2025-12-08T06:14:32.816+0000] {subprocess.py:93} INFO - [0m06:14:32  Finished running 1 table model, 2 view models in 0 hours 0 minutes and 3.52 seconds (3.52s).
[2025-12-08T06:14:32.865+0000] {subprocess.py:93} INFO - [0m06:14:32
[2025-12-08T06:14:32.865+0000] {subprocess.py:93} INFO - [0m06:14:32  [32mCompleted successfully[0m
[2025-12-08T06:14:32.866+0000] {subprocess.py:93} INFO - [0m06:14:32
[2025-12-08T06:14:32.866+0000] {subprocess.py:93} INFO - [0m06:14:32  Done. PASS=3 WARN=0 ERROR=0 SKIP=0 NO-OP=0 TOTAL=3
[2025-12-08T06:14:33.743+0000] {subprocess.py:97} INFO - Command exited with return code 0
[2025-12-08T06:14:33.802+0000] {taskinstance.py:1398} INFO - Marking task as SUCCESS. dag_id=group_proj_dbt, task_id=dbt_run, execution_date=20251208T061425, start_date=20251208T061426, end_date=20251208T061433
[2025-12-08T06:14:33.847+0000] {local_task_job_runner.py:228} INFO - Task exited with return code 0
[2025-12-08T06:14:33.883+0000] {taskinstance.py:2776} INFO - 1 downstream tasks scheduled from follow-on schedule check
