[2025-12-08T05:41:31.179+0000] {taskinstance.py:1157} INFO - Dependencies all met for dep_context=non-requeueable deps ti=<TaskInstance: market_ml_forecasting.train_forecast_model manual__2025-12-08T05:41:29.765496+00:00 [queued]>
[2025-12-08T05:41:31.182+0000] {taskinstance.py:1157} INFO - Dependencies all met for dep_context=requeueable deps ti=<TaskInstance: market_ml_forecasting.train_forecast_model manual__2025-12-08T05:41:29.765496+00:00 [queued]>
[2025-12-08T05:41:31.182+0000] {taskinstance.py:1359} INFO - Starting attempt 1 of 1
[2025-12-08T05:41:31.187+0000] {taskinstance.py:1380} INFO - Executing <Task(SnowflakeOperator): train_forecast_model> on 2025-12-08 05:41:29.765496+00:00
[2025-12-08T05:41:31.191+0000] {standard_task_runner.py:57} INFO - Started process 1220 to run task
[2025-12-08T05:41:31.193+0000] {standard_task_runner.py:84} INFO - Running: ['***', 'tasks', 'run', 'market_ml_forecasting', 'train_forecast_model', 'manual__2025-12-08T05:41:29.765496+00:00', '--job-id', '25', '--raw', '--subdir', 'DAGS_FOLDER/ml_forecast_dag.py', '--cfg-path', '/tmp/tmprstx988v']
[2025-12-08T05:41:31.195+0000] {standard_task_runner.py:85} INFO - Job 25: Subtask train_forecast_model
[2025-12-08T05:41:31.204+0000] {logging_mixin.py:151} WARNING - /home/***/.local/lib/python3.9/site-packages/***/settings.py:195 DeprecationWarning: The sql_alchemy_conn option in [core] has been moved to the sql_alchemy_conn option in [database] - the old setting has been used, but please update your config.
[2025-12-08T05:41:31.221+0000] {task_command.py:415} INFO - Running <TaskInstance: market_ml_forecasting.train_forecast_model manual__2025-12-08T05:41:29.765496+00:00 [running]> on host 9b5a184fb48c
[2025-12-08T05:41:31.258+0000] {taskinstance.py:1660} INFO - Exporting env vars: AIRFLOW_CTX_DAG_OWNER='***' AIRFLOW_CTX_DAG_ID='market_ml_forecasting' AIRFLOW_CTX_TASK_ID='train_forecast_model' AIRFLOW_CTX_EXECUTION_DATE='2025-12-08T05:41:29.765496+00:00' AIRFLOW_CTX_TRY_NUMBER='1' AIRFLOW_CTX_DAG_RUN_ID='manual__2025-12-08T05:41:29.765496+00:00'
[2025-12-08T05:41:31.259+0000] {sql.py:274} INFO - Executing: 
            CREATE OR REPLACE SNOWFLAKE.ML.FORECAST ANALYTICS.market_price_forecaster(
                INPUT_DATA => SYSTEM$REFERENCE('VIEW', 'ANALYTICS.stg_market_prices'),
                SERIES_COLNAME => 'symbol',
                TIMESTAMP_COLNAME => 'date',
                TARGET_COLNAME => 'close'
            );
        
[2025-12-08T05:41:31.266+0000] {base.py:73} INFO - Using connection ID 'snowflake_conn' for task execution.
[2025-12-08T05:41:31.272+0000] {base.py:73} INFO - Using connection ID 'snowflake_conn' for task execution.
[2025-12-08T05:41:31.272+0000] {connection.py:521} INFO - Snowflake Connector for Python Version: 3.18.0, Python Version: 3.9.18, Platform: Linux-6.10.14-linuxkit-aarch64-with-glibc2.31
[2025-12-08T05:41:31.273+0000] {connection.py:1464} INFO - Connecting to GLOBAL Snowflake domain
[2025-12-08T05:41:34.355+0000] {sql.py:418} INFO - Running statement: CREATE OR REPLACE SNOWFLAKE.ML.FORECAST ANALYTICS.market_price_forecaster(
                INPUT_DATA => SYSTEM$REFERENCE('VIEW', 'ANALYTICS.stg_market_prices'),
                SERIES_COLNAME => 'symbol',
                TIMESTAMP_COLNAME => 'date',
                TARGET_COLNAME => 'close'
            );, parameters: None
[2025-12-08T05:41:38.823+0000] {taskinstance.py:1935} ERROR - Task failed with exception
Traceback (most recent call last):
  File "/home/airflow/.local/lib/python3.9/site-packages/airflow/providers/common/sql/operators/sql.py", line 280, in execute
    output = hook.run(
  File "/home/airflow/.local/lib/python3.9/site-packages/airflow/providers/snowflake/hooks/snowflake.py", line 415, in run
    self._run_command(cur, sql_statement, parameters)
  File "/home/airflow/.local/lib/python3.9/site-packages/airflow/providers/common/sql/hooks/sql.py", line 423, in _run_command
    cur.execute(sql_statement)
  File "/home/airflow/.local/lib/python3.9/site-packages/snowflake/connector/cursor.py", line 1134, in execute
    Error.errorhandler_wrapper(self.connection, self, error_class, errvalue)
  File "/home/airflow/.local/lib/python3.9/site-packages/snowflake/connector/errors.py", line 286, in errorhandler_wrapper
    handed_over = Error.hand_to_other_handler(
  File "/home/airflow/.local/lib/python3.9/site-packages/snowflake/connector/errors.py", line 341, in hand_to_other_handler
    cursor.errorhandler(connection, cursor, error_class, error_value)
  File "/home/airflow/.local/lib/python3.9/site-packages/snowflake/connector/errors.py", line 217, in default_errorhandler
    raise error_class(
snowflake.connector.errors.ProgrammingError: 090232 (25000): 01c0e815-0307-38f6-0018-7f63000291f2: Uncaught exception of type 'STATEMENT_ERROR' on line 0 at position -1 : Uncaught exception of type 'STATEMENT_ERROR' on line 2 at position 0 : Execution error in store procedure _BASECONSTRUCT:
Stored procedure execution error: Scoped transaction started in stored procedure is incomplete and it was rolled back.
At Snowflake.execute, line 18 position 10
[2025-12-08T05:41:38.862+0000] {taskinstance.py:1398} INFO - Marking task as FAILED. dag_id=market_ml_forecasting, task_id=train_forecast_model, execution_date=20251208T054129, start_date=20251208T054131, end_date=20251208T054138
[2025-12-08T05:41:38.875+0000] {standard_task_runner.py:104} ERROR - Failed to execute job 25 for task train_forecast_model (090232 (25000): 01c0e815-0307-38f6-0018-7f63000291f2: Uncaught exception of type 'STATEMENT_ERROR' on line 0 at position -1 : Uncaught exception of type 'STATEMENT_ERROR' on line 2 at position 0 : Execution error in store procedure _BASECONSTRUCT:
Stored procedure execution error: Scoped transaction started in stored procedure is incomplete and it was rolled back.
At Snowflake.execute, line 18 position 10; 1220)
[2025-12-08T05:41:38.940+0000] {local_task_job_runner.py:228} INFO - Task exited with return code 1
[2025-12-08T05:41:38.957+0000] {taskinstance.py:2776} INFO - 0 downstream tasks scheduled from follow-on schedule check
