[2025-12-08T05:57:12.449+0000] {taskinstance.py:1157} INFO - Dependencies all met for dep_context=non-requeueable deps ti=<TaskInstance: market_ml_forecasting.prepare_training_data manual__2025-12-08T05:57:11.241137+00:00 [queued]>
[2025-12-08T05:57:12.452+0000] {taskinstance.py:1157} INFO - Dependencies all met for dep_context=requeueable deps ti=<TaskInstance: market_ml_forecasting.prepare_training_data manual__2025-12-08T05:57:11.241137+00:00 [queued]>
[2025-12-08T05:57:12.452+0000] {taskinstance.py:1359} INFO - Starting attempt 1 of 1
[2025-12-08T05:57:12.456+0000] {taskinstance.py:1380} INFO - Executing <Task(SnowflakeOperator): prepare_training_data> on 2025-12-08 05:57:11.241137+00:00
[2025-12-08T05:57:12.459+0000] {standard_task_runner.py:57} INFO - Started process 1795 to run task
[2025-12-08T05:57:12.461+0000] {standard_task_runner.py:84} INFO - Running: ['***', 'tasks', 'run', 'market_ml_forecasting', 'prepare_training_data', 'manual__2025-12-08T05:57:11.241137+00:00', '--job-id', '34', '--raw', '--subdir', 'DAGS_FOLDER/ml_forecast_dag.py', '--cfg-path', '/tmp/tmpa79gcqgp']
[2025-12-08T05:57:12.463+0000] {standard_task_runner.py:85} INFO - Job 34: Subtask prepare_training_data
[2025-12-08T05:57:12.472+0000] {logging_mixin.py:151} WARNING - /home/***/.local/lib/python3.9/site-packages/***/settings.py:195 DeprecationWarning: The sql_alchemy_conn option in [core] has been moved to the sql_alchemy_conn option in [database] - the old setting has been used, but please update your config.
[2025-12-08T05:57:12.490+0000] {task_command.py:415} INFO - Running <TaskInstance: market_ml_forecasting.prepare_training_data manual__2025-12-08T05:57:11.241137+00:00 [running]> on host 9b5a184fb48c
[2025-12-08T05:57:12.518+0000] {taskinstance.py:1660} INFO - Exporting env vars: AIRFLOW_CTX_DAG_OWNER='***' AIRFLOW_CTX_DAG_ID='market_ml_forecasting' AIRFLOW_CTX_TASK_ID='prepare_training_data' AIRFLOW_CTX_EXECUTION_DATE='2025-12-08T05:57:11.241137+00:00' AIRFLOW_CTX_TRY_NUMBER='1' AIRFLOW_CTX_DAG_RUN_ID='manual__2025-12-08T05:57:11.241137+00:00'
[2025-12-08T05:57:12.519+0000] {sql.py:274} INFO - Executing: 
            CREATE OR REPLACE TABLE ANALYTICS.market_training_data AS
            SELECT 
                symbol,
                TO_TIMESTAMP_NTZ(date) as date,
                close
            FROM ANALYTICS.stg_market_prices
            WHERE close IS NOT NULL
            QUALIFY ROW_NUMBER() OVER (PARTITION BY symbol, date ORDER BY date) = 1;
        
[2025-12-08T05:57:12.525+0000] {taskinstance.py:1935} ERROR - Task failed with exception
Traceback (most recent call last):
  File "/home/airflow/.local/lib/python3.9/site-packages/airflow/providers/common/sql/operators/sql.py", line 275, in execute
    hook = self.get_db_hook()
  File "/home/airflow/.local/lib/python3.9/site-packages/airflow/providers/common/sql/operators/sql.py", line 186, in get_db_hook
    return self._hook
  File "/usr/local/lib/python3.9/functools.py", line 993, in __get__
    val = self.func(instance)
  File "/home/airflow/.local/lib/python3.9/site-packages/airflow/providers/common/sql/operators/sql.py", line 148, in _hook
    conn = BaseHook.get_connection(conn_id)
  File "/home/airflow/.local/lib/python3.9/site-packages/airflow/hooks/base.py", line 72, in get_connection
    conn = Connection.get_connection_from_secrets(conn_id)
  File "/home/airflow/.local/lib/python3.9/site-packages/airflow/models/connection.py", line 477, in get_connection_from_secrets
    raise AirflowNotFoundException(f"The conn_id `{conn_id}` isn't defined")
airflow.exceptions.AirflowNotFoundException: The conn_id `snowflake_default` isn't defined
[2025-12-08T05:57:12.528+0000] {taskinstance.py:1398} INFO - Marking task as FAILED. dag_id=market_ml_forecasting, task_id=prepare_training_data, execution_date=20251208T055711, start_date=20251208T055712, end_date=20251208T055712
[2025-12-08T05:57:12.532+0000] {standard_task_runner.py:104} ERROR - Failed to execute job 34 for task prepare_training_data (The conn_id `snowflake_default` isn't defined; 1795)
[2025-12-08T05:57:12.559+0000] {local_task_job_runner.py:228} INFO - Task exited with return code 1
[2025-12-08T05:57:12.570+0000] {taskinstance.py:2776} INFO - 0 downstream tasks scheduled from follow-on schedule check
