[2025-12-08T06:14:37.758+0000] {taskinstance.py:1157} INFO - Dependencies all met for dep_context=non-requeueable deps ti=<TaskInstance: group_proj_dbt.dbt_snapshot manual__2025-12-08T06:14:25.660906+00:00 [queued]>
[2025-12-08T06:14:37.761+0000] {taskinstance.py:1157} INFO - Dependencies all met for dep_context=requeueable deps ti=<TaskInstance: group_proj_dbt.dbt_snapshot manual__2025-12-08T06:14:25.660906+00:00 [queued]>
[2025-12-08T06:14:37.761+0000] {taskinstance.py:1359} INFO - Starting attempt 1 of 1
[2025-12-08T06:14:37.765+0000] {taskinstance.py:1380} INFO - Executing <Task(BashOperator): dbt_snapshot> on 2025-12-08 06:14:25.660906+00:00
[2025-12-08T06:14:37.769+0000] {standard_task_runner.py:57} INFO - Started process 2464 to run task
[2025-12-08T06:14:37.770+0000] {standard_task_runner.py:84} INFO - Running: ['***', 'tasks', 'run', 'group_proj_dbt', 'dbt_snapshot', 'manual__2025-12-08T06:14:25.660906+00:00', '--job-id', '45', '--raw', '--subdir', 'DAGS_FOLDER/group_proj_dbt.py', '--cfg-path', '/tmp/tmphx0f68n9']
[2025-12-08T06:14:37.772+0000] {standard_task_runner.py:85} INFO - Job 45: Subtask dbt_snapshot
[2025-12-08T06:14:37.779+0000] {logging_mixin.py:151} WARNING - /home/***/.local/lib/python3.9/site-packages/***/settings.py:195 DeprecationWarning: The sql_alchemy_conn option in [core] has been moved to the sql_alchemy_conn option in [database] - the old setting has been used, but please update your config.
[2025-12-08T06:14:37.792+0000] {task_command.py:415} INFO - Running <TaskInstance: group_proj_dbt.dbt_snapshot manual__2025-12-08T06:14:25.660906+00:00 [running]> on host 9b5a184fb48c
[2025-12-08T06:14:37.821+0000] {taskinstance.py:1660} INFO - Exporting env vars: AIRFLOW_CTX_DAG_OWNER='calvin' AIRFLOW_CTX_DAG_ID='group_proj_dbt' AIRFLOW_CTX_TASK_ID='dbt_snapshot' AIRFLOW_CTX_EXECUTION_DATE='2025-12-08T06:14:25.660906+00:00' AIRFLOW_CTX_TRY_NUMBER='1' AIRFLOW_CTX_DAG_RUN_ID='manual__2025-12-08T06:14:25.660906+00:00'
[2025-12-08T06:14:37.822+0000] {subprocess.py:63} INFO - Tmp dir root location: /tmp
[2025-12-08T06:14:37.822+0000] {subprocess.py:75} INFO - Running command: ['/bin/bash', '-c', '/home/***/.local/bin/dbt snapshot --profiles-dir /opt/***/dbt --project-dir /opt/***/dbt']
[2025-12-08T06:14:37.826+0000] {subprocess.py:86} INFO - Output:
[2025-12-08T06:14:38.893+0000] {subprocess.py:93} INFO - [0m06:14:38  Running with dbt=1.11.0-b3
[2025-12-08T06:14:39.370+0000] {subprocess.py:93} INFO - [0m06:14:39  Registered adapter: snowflake=1.10.2
[2025-12-08T06:14:39.508+0000] {subprocess.py:93} INFO - [0m06:14:39  [[33mWARNING[0m]: Configuration paths exist in your dbt_project.yml file which do not apply to any resources.
[2025-12-08T06:14:39.508+0000] {subprocess.py:93} INFO - There are 2 unused configuration paths:
[2025-12-08T06:14:39.508+0000] {subprocess.py:93} INFO - - models.stock_crypto_project.input
[2025-12-08T06:14:39.509+0000] {subprocess.py:93} INFO - - models.stock_crypto_project.output
[2025-12-08T06:14:39.589+0000] {subprocess.py:93} INFO - [0m06:14:39  Found 3 models, 2 sources, 492 macros
[2025-12-08T06:14:39.590+0000] {subprocess.py:93} INFO - [0m06:14:39  Nothing to do. Try checking your model configs and model specification args
[2025-12-08T06:14:40.210+0000] {subprocess.py:97} INFO - Command exited with return code 0
[2025-12-08T06:14:40.257+0000] {taskinstance.py:1398} INFO - Marking task as SUCCESS. dag_id=group_proj_dbt, task_id=dbt_snapshot, execution_date=20251208T061425, start_date=20251208T061437, end_date=20251208T061440
[2025-12-08T06:14:40.318+0000] {local_task_job_runner.py:228} INFO - Task exited with return code 0
[2025-12-08T06:14:40.358+0000] {taskinstance.py:2776} INFO - 0 downstream tasks scheduled from follow-on schedule check
