[2025-12-08T05:58:26.024+0000] {taskinstance.py:1157} INFO - Dependencies all met for dep_context=non-requeueable deps ti=<TaskInstance: market_ml_forecasting.prepare_training_data manual__2025-12-08T05:58:24.477815+00:00 [queued]>
[2025-12-08T05:58:26.027+0000] {taskinstance.py:1157} INFO - Dependencies all met for dep_context=requeueable deps ti=<TaskInstance: market_ml_forecasting.prepare_training_data manual__2025-12-08T05:58:24.477815+00:00 [queued]>
[2025-12-08T05:58:26.027+0000] {taskinstance.py:1359} INFO - Starting attempt 1 of 2
[2025-12-08T05:58:26.031+0000] {taskinstance.py:1380} INFO - Executing <Task(SnowflakeOperator): prepare_training_data> on 2025-12-08 05:58:24.477815+00:00
[2025-12-08T05:58:26.037+0000] {standard_task_runner.py:57} INFO - Started process 1839 to run task
[2025-12-08T05:58:26.040+0000] {standard_task_runner.py:84} INFO - Running: ['***', 'tasks', 'run', 'market_ml_forecasting', 'prepare_training_data', 'manual__2025-12-08T05:58:24.477815+00:00', '--job-id', '35', '--raw', '--subdir', 'DAGS_FOLDER/ml_forecast_dag.py', '--cfg-path', '/tmp/tmp3f2erjfo']
[2025-12-08T05:58:26.042+0000] {standard_task_runner.py:85} INFO - Job 35: Subtask prepare_training_data
[2025-12-08T05:58:26.052+0000] {logging_mixin.py:151} WARNING - /home/***/.local/lib/python3.9/site-packages/***/settings.py:195 DeprecationWarning: The sql_alchemy_conn option in [core] has been moved to the sql_alchemy_conn option in [database] - the old setting has been used, but please update your config.
[2025-12-08T05:58:26.067+0000] {task_command.py:415} INFO - Running <TaskInstance: market_ml_forecasting.prepare_training_data manual__2025-12-08T05:58:24.477815+00:00 [running]> on host 9b5a184fb48c
[2025-12-08T05:58:26.101+0000] {taskinstance.py:1660} INFO - Exporting env vars: AIRFLOW_CTX_DAG_OWNER='***' AIRFLOW_CTX_DAG_ID='market_ml_forecasting' AIRFLOW_CTX_TASK_ID='prepare_training_data' AIRFLOW_CTX_EXECUTION_DATE='2025-12-08T05:58:24.477815+00:00' AIRFLOW_CTX_TRY_NUMBER='1' AIRFLOW_CTX_DAG_RUN_ID='manual__2025-12-08T05:58:24.477815+00:00'
[2025-12-08T05:58:26.102+0000] {sql.py:274} INFO - Executing: 
            CREATE OR REPLACE TABLE ANALYTICS.market_training_data AS
            SELECT 
                symbol,
                TO_TIMESTAMP_NTZ(date) as date,
                close
            FROM ANALYTICS.stg_market_prices
            WHERE close IS NOT NULL
            QUALIFY ROW_NUMBER() OVER (PARTITION BY symbol, date ORDER BY date) = 1;
        
[2025-12-08T05:58:26.111+0000] {base.py:73} INFO - Using connection ID 'snowflake_conn' for task execution.
[2025-12-08T05:58:26.117+0000] {base.py:73} INFO - Using connection ID 'snowflake_conn' for task execution.
[2025-12-08T05:58:26.117+0000] {connection.py:521} INFO - Snowflake Connector for Python Version: 3.18.0, Python Version: 3.9.18, Platform: Linux-6.10.14-linuxkit-aarch64-with-glibc2.31
[2025-12-08T05:58:26.118+0000] {connection.py:1464} INFO - Connecting to GLOBAL Snowflake domain
[2025-12-08T05:58:27.157+0000] {sql.py:418} INFO - Running statement: CREATE OR REPLACE TABLE ANALYTICS.market_training_data AS
            SELECT 
                symbol,
                TO_TIMESTAMP_NTZ(date) as date,
                close
            FROM ANALYTICS.stg_market_prices
            WHERE close IS NOT NULL
            QUALIFY ROW_NUMBER() OVER (PARTITION BY symbol, date ORDER BY date) = 1;, parameters: None
[2025-12-08T05:58:28.366+0000] {sql.py:427} INFO - Rows affected: 1
[2025-12-08T05:58:28.367+0000] {snowflake.py:427} INFO - Rows affected: 1
[2025-12-08T05:58:28.367+0000] {snowflake.py:428} INFO - Snowflake query id: 01c0e826-0307-3907-0018-7f6300028342
[2025-12-08T05:58:28.672+0000] {taskinstance.py:1398} INFO - Marking task as SUCCESS. dag_id=market_ml_forecasting, task_id=prepare_training_data, execution_date=20251208T055824, start_date=20251208T055826, end_date=20251208T055828
[2025-12-08T05:58:28.722+0000] {local_task_job_runner.py:228} INFO - Task exited with return code 0
[2025-12-08T05:58:28.752+0000] {taskinstance.py:2776} INFO - 1 downstream tasks scheduled from follow-on schedule check
