[2025-12-08T05:15:59.281+0000] {taskinstance.py:1157} INFO - Dependencies all met for dep_context=non-requeueable deps ti=<TaskInstance: final_project_etl.extract_and_load manual__2025-12-08T05:15:57.609702+00:00 [queued]>
[2025-12-08T05:15:59.284+0000] {taskinstance.py:1157} INFO - Dependencies all met for dep_context=requeueable deps ti=<TaskInstance: final_project_etl.extract_and_load manual__2025-12-08T05:15:57.609702+00:00 [queued]>
[2025-12-08T05:15:59.284+0000] {taskinstance.py:1359} INFO - Starting attempt 1 of 2
[2025-12-08T05:15:59.289+0000] {taskinstance.py:1380} INFO - Executing <Task(_PythonDecoratedOperator): extract_and_load> on 2025-12-08 05:15:57.609702+00:00
[2025-12-08T05:15:59.295+0000] {standard_task_runner.py:57} INFO - Started process 485 to run task
[2025-12-08T05:15:59.297+0000] {standard_task_runner.py:84} INFO - Running: ['***', 'tasks', 'run', 'final_project_etl', 'extract_and_load', 'manual__2025-12-08T05:15:57.609702+00:00', '--job-id', '10', '--raw', '--subdir', 'DAGS_FOLDER/final_project_etl.py', '--cfg-path', '/tmp/tmplp2d5ql4']
[2025-12-08T05:15:59.299+0000] {standard_task_runner.py:85} INFO - Job 10: Subtask extract_and_load
[2025-12-08T05:15:59.308+0000] {logging_mixin.py:151} WARNING - /home/***/.local/lib/python3.9/site-packages/***/settings.py:195 DeprecationWarning: The sql_alchemy_conn option in [core] has been moved to the sql_alchemy_conn option in [database] - the old setting has been used, but please update your config.
[2025-12-08T05:15:59.323+0000] {task_command.py:415} INFO - Running <TaskInstance: final_project_etl.extract_and_load manual__2025-12-08T05:15:57.609702+00:00 [running]> on host 9b5a184fb48c
[2025-12-08T05:15:59.357+0000] {taskinstance.py:1660} INFO - Exporting env vars: AIRFLOW_CTX_DAG_OWNER='***' AIRFLOW_CTX_DAG_ID='final_project_etl' AIRFLOW_CTX_TASK_ID='extract_and_load' AIRFLOW_CTX_EXECUTION_DATE='2025-12-08T05:15:57.609702+00:00' AIRFLOW_CTX_TRY_NUMBER='1' AIRFLOW_CTX_DAG_RUN_ID='manual__2025-12-08T05:15:57.609702+00:00'
[2025-12-08T05:15:59.358+0000] {logging_mixin.py:151} INFO - Extracting data for SPY...
[2025-12-08T05:15:59.642+0000] {logging_mixin.py:151} INFO - Extracting data for QQQ...
[2025-12-08T05:15:59.749+0000] {logging_mixin.py:151} INFO - Extracting data for BTC-USD...
[2025-12-08T05:15:59.985+0000] {logging_mixin.py:151} INFO - Extracting data for ETH-USD...
[2025-12-08T05:16:00.089+0000] {logging_mixin.py:151} INFO - Total records extracted: 2466
[2025-12-08T05:16:00.100+0000] {base.py:73} INFO - Using connection ID 'snowflake_conn' for task execution.
[2025-12-08T05:16:00.100+0000] {connection.py:521} INFO - Snowflake Connector for Python Version: 3.18.0, Python Version: 3.9.18, Platform: Linux-6.10.14-linuxkit-aarch64-with-glibc2.31
[2025-12-08T05:16:00.101+0000] {connection.py:1464} INFO - Connecting to GLOBAL Snowflake domain
[2025-12-08T05:16:01.939+0000] {logging_mixin.py:151} INFO - Setting Snowflake context...
[2025-12-08T05:16:02.085+0000] {taskinstance.py:1935} ERROR - Task failed with exception
Traceback (most recent call last):
  File "/home/airflow/.local/lib/python3.9/site-packages/airflow/decorators/base.py", line 221, in execute
    return_value = super().execute(context)
  File "/home/airflow/.local/lib/python3.9/site-packages/airflow/operators/python.py", line 192, in execute
    return_value = self.execute_callable()
  File "/home/airflow/.local/lib/python3.9/site-packages/airflow/operators/python.py", line 209, in execute_callable
    return self.python_callable(*self.op_args, **self.op_kwargs)
  File "/opt/airflow/dags/final_project_etl.py", line 57, in extract_and_load
    cur.execute("USE WAREHOUSE QUAIL_QUERY_WH")
  File "/home/airflow/.local/lib/python3.9/site-packages/snowflake/connector/cursor.py", line 1134, in execute
    Error.errorhandler_wrapper(self.connection, self, error_class, errvalue)
  File "/home/airflow/.local/lib/python3.9/site-packages/snowflake/connector/errors.py", line 286, in errorhandler_wrapper
    handed_over = Error.hand_to_other_handler(
  File "/home/airflow/.local/lib/python3.9/site-packages/snowflake/connector/errors.py", line 341, in hand_to_other_handler
    cursor.errorhandler(connection, cursor, error_class, error_value)
  File "/home/airflow/.local/lib/python3.9/site-packages/snowflake/connector/errors.py", line 217, in default_errorhandler
    raise error_class(
snowflake.connector.errors.ProgrammingError: 002043 (02000): 01c0e7fc-0307-38f6-0018-7f630002911a: SQL compilation error:
Object does not exist, or operation cannot be performed.
[2025-12-08T05:16:02.100+0000] {taskinstance.py:1398} INFO - Marking task as UP_FOR_RETRY. dag_id=final_project_etl, task_id=extract_and_load, execution_date=20251208T051557, start_date=20251208T051559, end_date=20251208T051602
[2025-12-08T05:16:02.110+0000] {standard_task_runner.py:104} ERROR - Failed to execute job 10 for task extract_and_load (002043 (02000): 01c0e7fc-0307-38f6-0018-7f630002911a: SQL compilation error:
Object does not exist, or operation cannot be performed.; 485)
[2025-12-08T05:16:02.147+0000] {local_task_job_runner.py:228} INFO - Task exited with return code 1
[2025-12-08T05:16:02.165+0000] {taskinstance.py:2776} INFO - 0 downstream tasks scheduled from follow-on schedule check
