[2025-12-08T06:52:08.143+0000] {taskinstance.py:1157} INFO - Dependencies all met for dep_context=non-requeueable deps ti=<TaskInstance: group_proj_dbt.dbt_run manual__2025-12-08T06:52:05.274577+00:00 [queued]>
[2025-12-08T06:52:08.147+0000] {taskinstance.py:1157} INFO - Dependencies all met for dep_context=requeueable deps ti=<TaskInstance: group_proj_dbt.dbt_run manual__2025-12-08T06:52:05.274577+00:00 [queued]>
[2025-12-08T06:52:08.147+0000] {taskinstance.py:1359} INFO - Starting attempt 1 of 1
[2025-12-08T06:52:08.155+0000] {taskinstance.py:1380} INFO - Executing <Task(BashOperator): dbt_run> on 2025-12-08 06:52:05.274577+00:00
[2025-12-08T06:52:08.167+0000] {standard_task_runner.py:57} INFO - Started process 3630 to run task
[2025-12-08T06:52:08.170+0000] {standard_task_runner.py:84} INFO - Running: ['***', 'tasks', 'run', 'group_proj_dbt', 'dbt_run', 'manual__2025-12-08T06:52:05.274577+00:00', '--job-id', '49', '--raw', '--subdir', 'DAGS_FOLDER/group_proj_dbt.py', '--cfg-path', '/tmp/tmpacou4m4w']
[2025-12-08T06:52:08.174+0000] {standard_task_runner.py:85} INFO - Job 49: Subtask dbt_run
[2025-12-08T06:52:08.197+0000] {logging_mixin.py:151} WARNING - /home/***/.local/lib/python3.9/site-packages/***/settings.py:195 DeprecationWarning: The sql_alchemy_conn option in [core] has been moved to the sql_alchemy_conn option in [database] - the old setting has been used, but please update your config.
[2025-12-08T06:52:08.246+0000] {task_command.py:415} INFO - Running <TaskInstance: group_proj_dbt.dbt_run manual__2025-12-08T06:52:05.274577+00:00 [running]> on host 9b5a184fb48c
[2025-12-08T06:52:08.304+0000] {taskinstance.py:1660} INFO - Exporting env vars: AIRFLOW_CTX_DAG_OWNER='calvin' AIRFLOW_CTX_DAG_ID='group_proj_dbt' AIRFLOW_CTX_TASK_ID='dbt_run' AIRFLOW_CTX_EXECUTION_DATE='2025-12-08T06:52:05.274577+00:00' AIRFLOW_CTX_TRY_NUMBER='1' AIRFLOW_CTX_DAG_RUN_ID='manual__2025-12-08T06:52:05.274577+00:00'
[2025-12-08T06:52:08.305+0000] {subprocess.py:63} INFO - Tmp dir root location: /tmp
[2025-12-08T06:52:08.308+0000] {subprocess.py:75} INFO - Running command: ['/bin/bash', '-c', '/home/***/.local/bin/dbt run --profiles-dir /opt/***/dbt --project-dir /opt/***/dbt']
[2025-12-08T06:52:08.318+0000] {subprocess.py:86} INFO - Output:
[2025-12-08T06:52:09.871+0000] {subprocess.py:93} INFO - [0m06:52:09  Running with dbt=1.11.0-b3
[2025-12-08T06:52:11.331+0000] {subprocess.py:93} INFO - [0m06:52:11  Registered adapter: snowflake=1.10.2
[2025-12-08T06:52:11.582+0000] {subprocess.py:93} INFO - [0m06:52:11  [[33mWARNING[0m]: Configuration paths exist in your dbt_project.yml file which do not apply to any resources.
[2025-12-08T06:52:11.583+0000] {subprocess.py:93} INFO - There are 2 unused configuration paths:
[2025-12-08T06:52:11.583+0000] {subprocess.py:93} INFO - - models.stock_crypto_project.output
[2025-12-08T06:52:11.583+0000] {subprocess.py:93} INFO - - models.stock_crypto_project.input
[2025-12-08T06:52:11.747+0000] {subprocess.py:93} INFO - [0m06:52:11  Found 3 models, 2 sources, 492 macros
[2025-12-08T06:52:11.748+0000] {subprocess.py:93} INFO - [0m06:52:11
[2025-12-08T06:52:11.749+0000] {subprocess.py:93} INFO - [0m06:52:11  Concurrency: 1 threads (target='dev')
[2025-12-08T06:52:11.749+0000] {subprocess.py:93} INFO - [0m06:52:11
[2025-12-08T06:52:14.067+0000] {subprocess.py:93} INFO - [0m06:52:14  1 of 3 START sql view model ANALYTICS.stg_market_prices ........................ [RUN]
[2025-12-08T06:52:14.365+0000] {subprocess.py:93} INFO - [0m06:52:14  1 of 3 OK created sql view model ANALYTICS.stg_market_prices ................... [[32mSUCCESS 1[0m in 0.29s]
[2025-12-08T06:52:14.368+0000] {subprocess.py:93} INFO - [0m06:52:14  2 of 3 START sql table model ANALYTICS.final_prediction ........................ [RUN]
[2025-12-08T06:52:15.961+0000] {subprocess.py:93} INFO - [0m06:52:15  2 of 3 OK created sql table model ANALYTICS.final_prediction ................... [[32mSUCCESS 1[0m in 1.59s]
[2025-12-08T06:52:15.968+0000] {subprocess.py:93} INFO - [0m06:52:15  3 of 3 START sql view model ANALYTICS.market_analysis .......................... [RUN]
[2025-12-08T06:52:16.377+0000] {subprocess.py:93} INFO - [0m06:52:16  3 of 3 OK created sql view model ANALYTICS.market_analysis ..................... [[32mSUCCESS 1[0m in 0.40s]
[2025-12-08T06:52:16.557+0000] {subprocess.py:93} INFO - [0m06:52:16
[2025-12-08T06:52:16.558+0000] {subprocess.py:93} INFO - [0m06:52:16  Finished running 1 table model, 2 view models in 0 hours 0 minutes and 4.81 seconds (4.81s).
[2025-12-08T06:52:16.591+0000] {subprocess.py:93} INFO - [0m06:52:16
[2025-12-08T06:52:16.592+0000] {subprocess.py:93} INFO - [0m06:52:16  [32mCompleted successfully[0m
[2025-12-08T06:52:16.592+0000] {subprocess.py:93} INFO - [0m06:52:16
[2025-12-08T06:52:16.592+0000] {subprocess.py:93} INFO - [0m06:52:16  Done. PASS=3 WARN=0 ERROR=0 SKIP=0 NO-OP=0 TOTAL=3
[2025-12-08T06:52:17.394+0000] {subprocess.py:97} INFO - Command exited with return code 0
[2025-12-08T06:52:17.457+0000] {taskinstance.py:1398} INFO - Marking task as SUCCESS. dag_id=group_proj_dbt, task_id=dbt_run, execution_date=20251208T065205, start_date=20251208T065208, end_date=20251208T065217
[2025-12-08T06:52:17.481+0000] {local_task_job_runner.py:228} INFO - Task exited with return code 0
[2025-12-08T06:52:17.516+0000] {taskinstance.py:2776} INFO - 1 downstream tasks scheduled from follow-on schedule check
