[2025-12-08T05:33:27.903+0000] {taskinstance.py:1157} INFO - Dependencies all met for dep_context=non-requeueable deps ti=<TaskInstance: group_proj_dbt.dbt_run manual__2025-12-08T05:33:26.871748+00:00 [queued]>
[2025-12-08T05:33:27.906+0000] {taskinstance.py:1157} INFO - Dependencies all met for dep_context=requeueable deps ti=<TaskInstance: group_proj_dbt.dbt_run manual__2025-12-08T05:33:26.871748+00:00 [queued]>
[2025-12-08T05:33:27.906+0000] {taskinstance.py:1359} INFO - Starting attempt 1 of 1
[2025-12-08T05:33:27.911+0000] {taskinstance.py:1380} INFO - Executing <Task(BashOperator): dbt_run> on 2025-12-08 05:33:26.871748+00:00
[2025-12-08T05:33:27.914+0000] {standard_task_runner.py:57} INFO - Started process 946 to run task
[2025-12-08T05:33:27.918+0000] {standard_task_runner.py:84} INFO - Running: ['***', 'tasks', 'run', 'group_proj_dbt', 'dbt_run', 'manual__2025-12-08T05:33:26.871748+00:00', '--job-id', '20', '--raw', '--subdir', 'DAGS_FOLDER/group_proj_dbt.py', '--cfg-path', '/tmp/tmpauze4n67']
[2025-12-08T05:33:27.920+0000] {standard_task_runner.py:85} INFO - Job 20: Subtask dbt_run
[2025-12-08T05:33:27.932+0000] {logging_mixin.py:151} WARNING - /home/***/.local/lib/python3.9/site-packages/***/settings.py:195 DeprecationWarning: The sql_alchemy_conn option in [core] has been moved to the sql_alchemy_conn option in [database] - the old setting has been used, but please update your config.
[2025-12-08T05:33:27.956+0000] {task_command.py:415} INFO - Running <TaskInstance: group_proj_dbt.dbt_run manual__2025-12-08T05:33:26.871748+00:00 [running]> on host 9b5a184fb48c
[2025-12-08T05:33:27.993+0000] {taskinstance.py:1660} INFO - Exporting env vars: AIRFLOW_CTX_DAG_OWNER='calvin' AIRFLOW_CTX_DAG_ID='group_proj_dbt' AIRFLOW_CTX_TASK_ID='dbt_run' AIRFLOW_CTX_EXECUTION_DATE='2025-12-08T05:33:26.871748+00:00' AIRFLOW_CTX_TRY_NUMBER='1' AIRFLOW_CTX_DAG_RUN_ID='manual__2025-12-08T05:33:26.871748+00:00'
[2025-12-08T05:33:27.994+0000] {subprocess.py:63} INFO - Tmp dir root location: /tmp
[2025-12-08T05:33:27.996+0000] {subprocess.py:75} INFO - Running command: ['/bin/bash', '-c', '/home/***/.local/bin/dbt run --profiles-dir /opt/***/dbt --project-dir /opt/***/dbt']
[2025-12-08T05:33:28.002+0000] {subprocess.py:86} INFO - Output:
[2025-12-08T05:33:29.103+0000] {subprocess.py:93} INFO - [0m05:33:29  Running with dbt=1.11.0-b3
[2025-12-08T05:33:29.570+0000] {subprocess.py:93} INFO - [0m05:33:29  Registered adapter: snowflake=1.10.2
[2025-12-08T05:33:29.647+0000] {subprocess.py:93} INFO - [0m05:33:29  Unable to do partial parsing because saved manifest not found. Starting full parse.
[2025-12-08T05:33:30.305+0000] {subprocess.py:93} INFO - [0m05:33:30  [[33mWARNING[0m]: Configuration paths exist in your dbt_project.yml file which do not apply to any resources.
[2025-12-08T05:33:30.305+0000] {subprocess.py:93} INFO - There are 2 unused configuration paths:
[2025-12-08T05:33:30.306+0000] {subprocess.py:93} INFO - - models.stock_crypto_project.output
[2025-12-08T05:33:30.309+0000] {subprocess.py:93} INFO - - models.stock_crypto_project.input
[2025-12-08T05:33:30.373+0000] {subprocess.py:93} INFO - [0m05:33:30  Found 2 models, 1 source, 492 macros
[2025-12-08T05:33:30.374+0000] {subprocess.py:93} INFO - [0m05:33:30
[2025-12-08T05:33:30.374+0000] {subprocess.py:93} INFO - [0m05:33:30  Concurrency: 1 threads (target='dev')
[2025-12-08T05:33:30.375+0000] {subprocess.py:93} INFO - [0m05:33:30
[2025-12-08T05:33:33.761+0000] {subprocess.py:93} INFO - [0m05:33:33  1 of 2 START sql view model ANALYTICS.stg_market_prices ........................ [RUN]
[2025-12-08T05:33:34.204+0000] {subprocess.py:93} INFO - [0m05:33:34  1 of 2 OK created sql view model ANALYTICS.stg_market_prices ................... [[32mSUCCESS 1[0m in 0.44s]
[2025-12-08T05:33:34.207+0000] {subprocess.py:93} INFO - [0m05:33:34  2 of 2 START sql view model ANALYTICS.market_analysis .......................... [RUN]
[2025-12-08T05:33:34.557+0000] {subprocess.py:93} INFO - [0m05:33:34  2 of 2 OK created sql view model ANALYTICS.market_analysis ..................... [[32mSUCCESS 1[0m in 0.35s]
[2025-12-08T05:33:34.681+0000] {subprocess.py:93} INFO - [0m05:33:34
[2025-12-08T05:33:34.681+0000] {subprocess.py:93} INFO - [0m05:33:34  Finished running 2 view models in 0 hours 0 minutes and 4.31 seconds (4.31s).
[2025-12-08T05:33:34.712+0000] {subprocess.py:93} INFO - [0m05:33:34
[2025-12-08T05:33:34.713+0000] {subprocess.py:93} INFO - [0m05:33:34  [32mCompleted successfully[0m
[2025-12-08T05:33:34.713+0000] {subprocess.py:93} INFO - [0m05:33:34
[2025-12-08T05:33:34.714+0000] {subprocess.py:93} INFO - [0m05:33:34  Done. PASS=2 WARN=0 ERROR=0 SKIP=0 NO-OP=0 TOTAL=2
[2025-12-08T05:33:35.449+0000] {subprocess.py:97} INFO - Command exited with return code 0
[2025-12-08T05:33:35.487+0000] {taskinstance.py:1398} INFO - Marking task as SUCCESS. dag_id=group_proj_dbt, task_id=dbt_run, execution_date=20251208T053326, start_date=20251208T053327, end_date=20251208T053335
[2025-12-08T05:33:35.535+0000] {local_task_job_runner.py:228} INFO - Task exited with return code 0
[2025-12-08T05:33:35.561+0000] {taskinstance.py:2776} INFO - 1 downstream tasks scheduled from follow-on schedule check
