[2025-12-08T05:19:35.619+0000] {taskinstance.py:1157} INFO - Dependencies all met for dep_context=non-requeueable deps ti=<TaskInstance: final_project_etl.extract_and_load manual__2025-12-08T05:14:28.643561+00:00 [queued]>
[2025-12-08T05:19:35.622+0000] {taskinstance.py:1157} INFO - Dependencies all met for dep_context=requeueable deps ti=<TaskInstance: final_project_etl.extract_and_load manual__2025-12-08T05:14:28.643561+00:00 [queued]>
[2025-12-08T05:19:35.622+0000] {taskinstance.py:1359} INFO - Starting attempt 2 of 2
[2025-12-08T05:19:35.626+0000] {taskinstance.py:1380} INFO - Executing <Task(_PythonDecoratedOperator): extract_and_load> on 2025-12-08 05:14:28.643561+00:00
[2025-12-08T05:19:35.629+0000] {standard_task_runner.py:57} INFO - Started process 579 to run task
[2025-12-08T05:19:35.632+0000] {standard_task_runner.py:84} INFO - Running: ['***', 'tasks', 'run', 'final_project_etl', 'extract_and_load', 'manual__2025-12-08T05:14:28.643561+00:00', '--job-id', '12', '--raw', '--subdir', 'DAGS_FOLDER/final_project_etl.py', '--cfg-path', '/tmp/tmpryb4e1_r']
[2025-12-08T05:19:35.635+0000] {standard_task_runner.py:85} INFO - Job 12: Subtask extract_and_load
[2025-12-08T05:19:35.644+0000] {logging_mixin.py:151} WARNING - /home/***/.local/lib/python3.9/site-packages/***/settings.py:195 DeprecationWarning: The sql_alchemy_conn option in [core] has been moved to the sql_alchemy_conn option in [database] - the old setting has been used, but please update your config.
[2025-12-08T05:19:35.661+0000] {task_command.py:415} INFO - Running <TaskInstance: final_project_etl.extract_and_load manual__2025-12-08T05:14:28.643561+00:00 [running]> on host 9b5a184fb48c
[2025-12-08T05:19:35.689+0000] {taskinstance.py:1660} INFO - Exporting env vars: AIRFLOW_CTX_DAG_OWNER='***' AIRFLOW_CTX_DAG_ID='final_project_etl' AIRFLOW_CTX_TASK_ID='extract_and_load' AIRFLOW_CTX_EXECUTION_DATE='2025-12-08T05:14:28.643561+00:00' AIRFLOW_CTX_TRY_NUMBER='2' AIRFLOW_CTX_DAG_RUN_ID='manual__2025-12-08T05:14:28.643561+00:00'
[2025-12-08T05:19:35.690+0000] {logging_mixin.py:151} INFO - Extracting data for SPY...
[2025-12-08T05:19:36.001+0000] {logging_mixin.py:151} INFO - Extracting data for QQQ...
[2025-12-08T05:19:36.124+0000] {logging_mixin.py:151} INFO - Extracting data for BTC-USD...
[2025-12-08T05:19:36.348+0000] {logging_mixin.py:151} INFO - Extracting data for ETH-USD...
[2025-12-08T05:19:36.457+0000] {logging_mixin.py:151} INFO - Total records extracted: 2466
[2025-12-08T05:19:36.464+0000] {base.py:73} INFO - Using connection ID 'snowflake_conn' for task execution.
[2025-12-08T05:19:36.465+0000] {connection.py:521} INFO - Snowflake Connector for Python Version: 3.18.0, Python Version: 3.9.18, Platform: Linux-6.10.14-linuxkit-aarch64-with-glibc2.31
[2025-12-08T05:19:36.465+0000] {connection.py:1464} INFO - Connecting to GLOBAL Snowflake domain
[2025-12-08T05:19:39.217+0000] {logging_mixin.py:151} INFO - Setting Snowflake context...
[2025-12-08T05:19:39.558+0000] {logging_mixin.py:151} INFO - Context set successfully
[2025-12-08T05:19:39.559+0000] {logging_mixin.py:151} INFO - Dropping existing table...
[2025-12-08T05:19:39.702+0000] {logging_mixin.py:151} INFO - Creating table...
[2025-12-08T05:19:40.031+0000] {logging_mixin.py:151} INFO - Table created
[2025-12-08T05:19:40.032+0000] {logging_mixin.py:151} INFO - Inserting records in batch...
[2025-12-08T05:19:41.208+0000] {logging_mixin.py:151} INFO - Batch insert complete
[2025-12-08T05:19:41.343+0000] {logging_mixin.py:151} INFO - Verification: Table now has 2466 records
[2025-12-08T05:19:41.349+0000] {python.py:194} INFO - Done. Returned value was: Loaded 2466 records
[2025-12-08T05:19:41.400+0000] {taskinstance.py:1398} INFO - Marking task as SUCCESS. dag_id=final_project_etl, task_id=extract_and_load, execution_date=20251208T051428, start_date=20251208T051935, end_date=20251208T051941
[2025-12-08T05:19:41.463+0000] {local_task_job_runner.py:228} INFO - Task exited with return code 0
[2025-12-08T05:19:41.476+0000] {taskinstance.py:2776} INFO - 0 downstream tasks scheduled from follow-on schedule check
