[2025-12-08T05:19:15.673+0000] {taskinstance.py:1157} INFO - Dependencies all met for dep_context=non-requeueable deps ti=<TaskInstance: final_project_etl.extract_and_load manual__2025-12-08T05:19:13.808167+00:00 [queued]>
[2025-12-08T05:19:15.676+0000] {taskinstance.py:1157} INFO - Dependencies all met for dep_context=requeueable deps ti=<TaskInstance: final_project_etl.extract_and_load manual__2025-12-08T05:19:13.808167+00:00 [queued]>
[2025-12-08T05:19:15.677+0000] {taskinstance.py:1359} INFO - Starting attempt 1 of 2
[2025-12-08T05:19:15.681+0000] {taskinstance.py:1380} INFO - Executing <Task(_PythonDecoratedOperator): extract_and_load> on 2025-12-08 05:19:13.808167+00:00
[2025-12-08T05:19:15.685+0000] {standard_task_runner.py:57} INFO - Started process 557 to run task
[2025-12-08T05:19:15.688+0000] {standard_task_runner.py:84} INFO - Running: ['***', 'tasks', 'run', 'final_project_etl', 'extract_and_load', 'manual__2025-12-08T05:19:13.808167+00:00', '--job-id', '11', '--raw', '--subdir', 'DAGS_FOLDER/final_project_etl.py', '--cfg-path', '/tmp/tmp9qjwhpc_']
[2025-12-08T05:19:15.690+0000] {standard_task_runner.py:85} INFO - Job 11: Subtask extract_and_load
[2025-12-08T05:19:15.703+0000] {logging_mixin.py:151} WARNING - /home/***/.local/lib/python3.9/site-packages/***/settings.py:195 DeprecationWarning: The sql_alchemy_conn option in [core] has been moved to the sql_alchemy_conn option in [database] - the old setting has been used, but please update your config.
[2025-12-08T05:19:15.721+0000] {task_command.py:415} INFO - Running <TaskInstance: final_project_etl.extract_and_load manual__2025-12-08T05:19:13.808167+00:00 [running]> on host 9b5a184fb48c
[2025-12-08T05:19:15.756+0000] {taskinstance.py:1660} INFO - Exporting env vars: AIRFLOW_CTX_DAG_OWNER='***' AIRFLOW_CTX_DAG_ID='final_project_etl' AIRFLOW_CTX_TASK_ID='extract_and_load' AIRFLOW_CTX_EXECUTION_DATE='2025-12-08T05:19:13.808167+00:00' AIRFLOW_CTX_TRY_NUMBER='1' AIRFLOW_CTX_DAG_RUN_ID='manual__2025-12-08T05:19:13.808167+00:00'
[2025-12-08T05:19:15.758+0000] {logging_mixin.py:151} INFO - Extracting data for SPY...
[2025-12-08T05:19:16.046+0000] {logging_mixin.py:151} INFO - Extracting data for QQQ...
[2025-12-08T05:19:16.273+0000] {logging_mixin.py:151} INFO - Extracting data for BTC-USD...
[2025-12-08T05:19:16.600+0000] {logging_mixin.py:151} INFO - Extracting data for ETH-USD...
[2025-12-08T05:19:16.706+0000] {logging_mixin.py:151} INFO - Total records extracted: 2466
[2025-12-08T05:19:16.720+0000] {base.py:73} INFO - Using connection ID 'snowflake_conn' for task execution.
[2025-12-08T05:19:16.721+0000] {connection.py:521} INFO - Snowflake Connector for Python Version: 3.18.0, Python Version: 3.9.18, Platform: Linux-6.10.14-linuxkit-aarch64-with-glibc2.31
[2025-12-08T05:19:16.722+0000] {connection.py:1464} INFO - Connecting to GLOBAL Snowflake domain
[2025-12-08T05:19:17.507+0000] {logging_mixin.py:151} INFO - Setting Snowflake context...
[2025-12-08T05:19:17.886+0000] {logging_mixin.py:151} INFO - Context set successfully
[2025-12-08T05:19:17.887+0000] {logging_mixin.py:151} INFO - Dropping existing table...
[2025-12-08T05:19:17.968+0000] {logging_mixin.py:151} INFO - Creating table...
[2025-12-08T05:19:18.291+0000] {logging_mixin.py:151} INFO - Table created
[2025-12-08T05:19:18.292+0000] {logging_mixin.py:151} INFO - Inserting records in batch...
[2025-12-08T05:19:19.967+0000] {logging_mixin.py:151} INFO - Batch insert complete
[2025-12-08T05:19:20.172+0000] {logging_mixin.py:151} INFO - Verification: Table now has 2466 records
[2025-12-08T05:19:20.177+0000] {python.py:194} INFO - Done. Returned value was: Loaded 2466 records
[2025-12-08T05:19:20.231+0000] {taskinstance.py:1398} INFO - Marking task as SUCCESS. dag_id=final_project_etl, task_id=extract_and_load, execution_date=20251208T051913, start_date=20251208T051915, end_date=20251208T051920
[2025-12-08T05:19:20.274+0000] {local_task_job_runner.py:228} INFO - Task exited with return code 0
[2025-12-08T05:19:20.299+0000] {taskinstance.py:2776} INFO - 0 downstream tasks scheduled from follow-on schedule check
