[2025-12-08T05:08:10.700+0000] {taskinstance.py:1157} INFO - Dependencies all met for dep_context=non-requeueable deps ti=<TaskInstance: final_project_etl.extract_and_load scheduled__2025-12-07T00:00:00+00:00 [queued]>
[2025-12-08T05:08:10.706+0000] {taskinstance.py:1157} INFO - Dependencies all met for dep_context=requeueable deps ti=<TaskInstance: final_project_etl.extract_and_load scheduled__2025-12-07T00:00:00+00:00 [queued]>
[2025-12-08T05:08:10.707+0000] {taskinstance.py:1359} INFO - Starting attempt 1 of 2
[2025-12-08T05:08:10.714+0000] {taskinstance.py:1380} INFO - Executing <Task(_PythonDecoratedOperator): extract_and_load> on 2025-12-07 00:00:00+00:00
[2025-12-08T05:08:10.725+0000] {standard_task_runner.py:57} INFO - Started process 273 to run task
[2025-12-08T05:08:10.730+0000] {standard_task_runner.py:84} INFO - Running: ['***', 'tasks', 'run', 'final_project_etl', 'extract_and_load', 'scheduled__2025-12-07T00:00:00+00:00', '--job-id', '4', '--raw', '--subdir', 'DAGS_FOLDER/final_project_etl.py', '--cfg-path', '/tmp/tmprgpz59y3']
[2025-12-08T05:08:10.734+0000] {standard_task_runner.py:85} INFO - Job 4: Subtask extract_and_load
[2025-12-08T05:08:10.753+0000] {logging_mixin.py:151} WARNING - /home/***/.local/lib/python3.9/site-packages/***/settings.py:195 DeprecationWarning: The sql_alchemy_conn option in [core] has been moved to the sql_alchemy_conn option in [database] - the old setting has been used, but please update your config.
[2025-12-08T05:08:10.785+0000] {task_command.py:415} INFO - Running <TaskInstance: final_project_etl.extract_and_load scheduled__2025-12-07T00:00:00+00:00 [running]> on host 9b5a184fb48c
[2025-12-08T05:08:10.839+0000] {taskinstance.py:1660} INFO - Exporting env vars: AIRFLOW_CTX_DAG_OWNER='***' AIRFLOW_CTX_DAG_ID='final_project_etl' AIRFLOW_CTX_TASK_ID='extract_and_load' AIRFLOW_CTX_EXECUTION_DATE='2025-12-07T00:00:00+00:00' AIRFLOW_CTX_TRY_NUMBER='1' AIRFLOW_CTX_DAG_RUN_ID='scheduled__2025-12-07T00:00:00+00:00'
[2025-12-08T05:08:10.843+0000] {logging_mixin.py:151} INFO - Extracting data for SPY...
[2025-12-08T05:08:12.757+0000] {logging_mixin.py:151} INFO - Extracting data for QQQ...
[2025-12-08T05:08:12.988+0000] {logging_mixin.py:151} INFO - Extracting data for BTC-USD...
[2025-12-08T05:08:13.212+0000] {logging_mixin.py:151} INFO - Extracting data for ETH-USD...
[2025-12-08T05:08:13.309+0000] {logging_mixin.py:151} INFO - Total records extracted: 2466
[2025-12-08T05:08:13.330+0000] {base.py:73} INFO - Using connection ID 'snowflake_conn' for task execution.
[2025-12-08T05:08:13.331+0000] {connection.py:521} INFO - Snowflake Connector for Python Version: 3.18.0, Python Version: 3.9.18, Platform: Linux-6.10.14-linuxkit-aarch64-with-glibc2.31
[2025-12-08T05:08:13.333+0000] {connection.py:1464} INFO - Connecting to GLOBAL Snowflake domain
[2025-12-08T05:08:16.505+0000] {logging_mixin.py:151} INFO - Setting Snowflake context...
[2025-12-08T05:08:16.856+0000] {taskinstance.py:1935} ERROR - Task failed with exception
Traceback (most recent call last):
  File "/home/airflow/.local/lib/python3.9/site-packages/airflow/decorators/base.py", line 221, in execute
    return_value = super().execute(context)
  File "/home/airflow/.local/lib/python3.9/site-packages/airflow/operators/python.py", line 192, in execute
    return_value = self.execute_callable()
  File "/home/airflow/.local/lib/python3.9/site-packages/airflow/operators/python.py", line 209, in execute_callable
    return self.python_callable(*self.op_args, **self.op_kwargs)
  File "/opt/airflow/dags/final_project_etl.py", line 57, in extract_and_load
    cur.execute("USE WAREHOUSE QUAIL_QUERY_WH")
  File "/home/airflow/.local/lib/python3.9/site-packages/snowflake/connector/cursor.py", line 1134, in execute
    Error.errorhandler_wrapper(self.connection, self, error_class, errvalue)
  File "/home/airflow/.local/lib/python3.9/site-packages/snowflake/connector/errors.py", line 286, in errorhandler_wrapper
    handed_over = Error.hand_to_other_handler(
  File "/home/airflow/.local/lib/python3.9/site-packages/snowflake/connector/errors.py", line 341, in hand_to_other_handler
    cursor.errorhandler(connection, cursor, error_class, error_value)
  File "/home/airflow/.local/lib/python3.9/site-packages/snowflake/connector/errors.py", line 217, in default_errorhandler
    raise error_class(
snowflake.connector.errors.ProgrammingError: 002043 (02000): 01c0e7f4-0307-38f6-0018-7f63000290ce: SQL compilation error:
Object does not exist, or operation cannot be performed.
[2025-12-08T05:08:16.882+0000] {taskinstance.py:1398} INFO - Marking task as UP_FOR_RETRY. dag_id=final_project_etl, task_id=extract_and_load, execution_date=20251207T000000, start_date=20251208T050810, end_date=20251208T050816
[2025-12-08T05:08:16.894+0000] {standard_task_runner.py:104} ERROR - Failed to execute job 4 for task extract_and_load (002043 (02000): 01c0e7f4-0307-38f6-0018-7f63000290ce: SQL compilation error:
Object does not exist, or operation cannot be performed.; 273)
[2025-12-08T05:08:16.924+0000] {local_task_job_runner.py:228} INFO - Task exited with return code 1
[2025-12-08T05:08:16.949+0000] {taskinstance.py:2776} INFO - 0 downstream tasks scheduled from follow-on schedule check
