[2025-12-08T05:13:20.312+0000] {taskinstance.py:1157} INFO - Dependencies all met for dep_context=non-requeueable deps ti=<TaskInstance: final_project_etl.extract_and_load scheduled__2025-12-07T00:00:00+00:00 [queued]>
[2025-12-08T05:13:20.316+0000] {taskinstance.py:1157} INFO - Dependencies all met for dep_context=requeueable deps ti=<TaskInstance: final_project_etl.extract_and_load scheduled__2025-12-07T00:00:00+00:00 [queued]>
[2025-12-08T05:13:20.317+0000] {taskinstance.py:1359} INFO - Starting attempt 2 of 2
[2025-12-08T05:13:20.327+0000] {taskinstance.py:1380} INFO - Executing <Task(_PythonDecoratedOperator): extract_and_load> on 2025-12-07 00:00:00+00:00
[2025-12-08T05:13:20.342+0000] {standard_task_runner.py:57} INFO - Started process 400 to run task
[2025-12-08T05:13:20.346+0000] {standard_task_runner.py:84} INFO - Running: ['***', 'tasks', 'run', 'final_project_etl', 'extract_and_load', 'scheduled__2025-12-07T00:00:00+00:00', '--job-id', '8', '--raw', '--subdir', 'DAGS_FOLDER/final_project_etl.py', '--cfg-path', '/tmp/tmpi5ae0a95']
[2025-12-08T05:13:20.355+0000] {standard_task_runner.py:85} INFO - Job 8: Subtask extract_and_load
[2025-12-08T05:13:20.376+0000] {logging_mixin.py:151} WARNING - /home/***/.local/lib/python3.9/site-packages/***/settings.py:195 DeprecationWarning: The sql_alchemy_conn option in [core] has been moved to the sql_alchemy_conn option in [database] - the old setting has been used, but please update your config.
[2025-12-08T05:13:20.411+0000] {task_command.py:415} INFO - Running <TaskInstance: final_project_etl.extract_and_load scheduled__2025-12-07T00:00:00+00:00 [running]> on host 9b5a184fb48c
[2025-12-08T05:13:20.472+0000] {taskinstance.py:1660} INFO - Exporting env vars: AIRFLOW_CTX_DAG_OWNER='***' AIRFLOW_CTX_DAG_ID='final_project_etl' AIRFLOW_CTX_TASK_ID='extract_and_load' AIRFLOW_CTX_EXECUTION_DATE='2025-12-07T00:00:00+00:00' AIRFLOW_CTX_TRY_NUMBER='2' AIRFLOW_CTX_DAG_RUN_ID='scheduled__2025-12-07T00:00:00+00:00'
[2025-12-08T05:13:20.474+0000] {logging_mixin.py:151} INFO - Extracting data for SPY...
[2025-12-08T05:13:20.782+0000] {logging_mixin.py:151} INFO - Extracting data for QQQ...
[2025-12-08T05:13:20.897+0000] {logging_mixin.py:151} INFO - Extracting data for BTC-USD...
[2025-12-08T05:13:21.254+0000] {logging_mixin.py:151} INFO - Extracting data for ETH-USD...
[2025-12-08T05:13:21.364+0000] {logging_mixin.py:151} INFO - Total records extracted: 2466
[2025-12-08T05:13:21.384+0000] {base.py:73} INFO - Using connection ID 'snowflake_conn' for task execution.
[2025-12-08T05:13:21.385+0000] {connection.py:521} INFO - Snowflake Connector for Python Version: 3.18.0, Python Version: 3.9.18, Platform: Linux-6.10.14-linuxkit-aarch64-with-glibc2.31
[2025-12-08T05:13:21.387+0000] {connection.py:1464} INFO - Connecting to GLOBAL Snowflake domain
[2025-12-08T05:13:23.252+0000] {logging_mixin.py:151} INFO - Setting Snowflake context...
[2025-12-08T05:13:23.397+0000] {taskinstance.py:1935} ERROR - Task failed with exception
Traceback (most recent call last):
  File "/home/airflow/.local/lib/python3.9/site-packages/airflow/decorators/base.py", line 221, in execute
    return_value = super().execute(context)
  File "/home/airflow/.local/lib/python3.9/site-packages/airflow/operators/python.py", line 192, in execute
    return_value = self.execute_callable()
  File "/home/airflow/.local/lib/python3.9/site-packages/airflow/operators/python.py", line 209, in execute_callable
    return self.python_callable(*self.op_args, **self.op_kwargs)
  File "/opt/airflow/dags/final_project_etl.py", line 57, in extract_and_load
    cur.execute("USE WAREHOUSE QUAIL_QUERY_WH")
  File "/home/airflow/.local/lib/python3.9/site-packages/snowflake/connector/cursor.py", line 1134, in execute
    Error.errorhandler_wrapper(self.connection, self, error_class, errvalue)
  File "/home/airflow/.local/lib/python3.9/site-packages/snowflake/connector/errors.py", line 286, in errorhandler_wrapper
    handed_over = Error.hand_to_other_handler(
  File "/home/airflow/.local/lib/python3.9/site-packages/snowflake/connector/errors.py", line 341, in hand_to_other_handler
    cursor.errorhandler(connection, cursor, error_class, error_value)
  File "/home/airflow/.local/lib/python3.9/site-packages/snowflake/connector/errors.py", line 217, in default_errorhandler
    raise error_class(
snowflake.connector.errors.ProgrammingError: 002043 (02000): 01c0e7f9-0307-3907-0018-7f63000280d6: SQL compilation error:
Object does not exist, or operation cannot be performed.
[2025-12-08T05:13:23.435+0000] {taskinstance.py:1398} INFO - Marking task as FAILED. dag_id=final_project_etl, task_id=extract_and_load, execution_date=20251207T000000, start_date=20251208T051320, end_date=20251208T051323
[2025-12-08T05:13:23.451+0000] {standard_task_runner.py:104} ERROR - Failed to execute job 8 for task extract_and_load (002043 (02000): 01c0e7f9-0307-3907-0018-7f63000280d6: SQL compilation error:
Object does not exist, or operation cannot be performed.; 400)
[2025-12-08T05:13:23.509+0000] {local_task_job_runner.py:228} INFO - Task exited with return code 1
[2025-12-08T05:13:23.551+0000] {taskinstance.py:2776} INFO - 0 downstream tasks scheduled from follow-on schedule check
