[2025-12-08T06:07:56.304+0000] {taskinstance.py:1157} INFO - Dependencies all met for dep_context=non-requeueable deps ti=<TaskInstance: market_ml_forecasting.generate_forecast manual__2025-12-08T06:05:04.865232+00:00 [queued]>
[2025-12-08T06:07:56.307+0000] {taskinstance.py:1157} INFO - Dependencies all met for dep_context=requeueable deps ti=<TaskInstance: market_ml_forecasting.generate_forecast manual__2025-12-08T06:05:04.865232+00:00 [queued]>
[2025-12-08T06:07:56.307+0000] {taskinstance.py:1359} INFO - Starting attempt 1 of 2
[2025-12-08T06:07:56.311+0000] {taskinstance.py:1380} INFO - Executing <Task(SnowflakeOperator): generate_forecast> on 2025-12-08 06:05:04.865232+00:00
[2025-12-08T06:07:56.314+0000] {standard_task_runner.py:57} INFO - Started process 2194 to run task
[2025-12-08T06:07:56.316+0000] {standard_task_runner.py:84} INFO - Running: ['***', 'tasks', 'run', 'market_ml_forecasting', 'generate_forecast', 'manual__2025-12-08T06:05:04.865232+00:00', '--job-id', '41', '--raw', '--subdir', 'DAGS_FOLDER/ml_forecast_dag.py', '--cfg-path', '/tmp/tmpckwi2mub']
[2025-12-08T06:07:56.317+0000] {standard_task_runner.py:85} INFO - Job 41: Subtask generate_forecast
[2025-12-08T06:07:56.326+0000] {logging_mixin.py:151} WARNING - /home/***/.local/lib/python3.9/site-packages/***/settings.py:195 DeprecationWarning: The sql_alchemy_conn option in [core] has been moved to the sql_alchemy_conn option in [database] - the old setting has been used, but please update your config.
[2025-12-08T06:07:56.343+0000] {task_command.py:415} INFO - Running <TaskInstance: market_ml_forecasting.generate_forecast manual__2025-12-08T06:05:04.865232+00:00 [running]> on host 9b5a184fb48c
[2025-12-08T06:07:56.377+0000] {taskinstance.py:1660} INFO - Exporting env vars: AIRFLOW_CTX_DAG_OWNER='***' AIRFLOW_CTX_DAG_ID='market_ml_forecasting' AIRFLOW_CTX_TASK_ID='generate_forecast' AIRFLOW_CTX_EXECUTION_DATE='2025-12-08T06:05:04.865232+00:00' AIRFLOW_CTX_TRY_NUMBER='1' AIRFLOW_CTX_DAG_RUN_ID='manual__2025-12-08T06:05:04.865232+00:00'
[2025-12-08T06:07:56.379+0000] {sql.py:274} INFO - Executing: 
            BEGIN
                CALL ANALYTICS.market_price_forecaster!FORECAST(FORECASTING_PERIODS => 14);
                
                CREATE OR REPLACE TABLE ANALYTICS.market_forecast_results AS
                SELECT 
                    series as symbol,
                    ts as forecast_date,
                    forecast as predicted_close
                FROM TABLE(RESULT_SCAN(LAST_QUERY_ID()));
            END;
        
[2025-12-08T06:07:56.396+0000] {base.py:73} INFO - Using connection ID 'snowflake_conn' for task execution.
[2025-12-08T06:07:56.400+0000] {base.py:73} INFO - Using connection ID 'snowflake_conn' for task execution.
[2025-12-08T06:07:56.400+0000] {connection.py:521} INFO - Snowflake Connector for Python Version: 3.18.0, Python Version: 3.9.18, Platform: Linux-6.10.14-linuxkit-aarch64-with-glibc2.31
[2025-12-08T06:07:56.401+0000] {connection.py:1464} INFO - Connecting to GLOBAL Snowflake domain
[2025-12-08T06:07:57.725+0000] {sql.py:418} INFO - Running statement: BEGIN
                CALL ANALYTICS.market_price_forecaster!FORECAST(FORECASTING_PERIODS => 14);
                
                CREATE OR REPLACE TABLE ANALYTICS.market_forecast_results AS
                SELECT 
                    series as symbol,
                    ts as forecast_date,
                    forecast as predicted_close
                FROM TABLE(RESULT_SCAN(LAST_QUERY_ID()));
            END, parameters: None
[2025-12-08T06:08:23.735+0000] {sql.py:427} INFO - Rows affected: 1
[2025-12-08T06:08:23.739+0000] {snowflake.py:427} INFO - Rows affected: 1
[2025-12-08T06:08:23.739+0000] {snowflake.py:428} INFO - Snowflake query id: 01c0e82f-0307-38f6-0018-7f63000292fa
[2025-12-08T06:08:23.925+0000] {taskinstance.py:1398} INFO - Marking task as SUCCESS. dag_id=market_ml_forecasting, task_id=generate_forecast, execution_date=20251208T060504, start_date=20251208T060756, end_date=20251208T060823
[2025-12-08T06:08:23.955+0000] {local_task_job_runner.py:228} INFO - Task exited with return code 0
[2025-12-08T06:08:23.969+0000] {taskinstance.py:2776} INFO - 0 downstream tasks scheduled from follow-on schedule check
