[2025-12-08T06:52:22.696+0000] {taskinstance.py:1157} INFO - Dependencies all met for dep_context=non-requeueable deps ti=<TaskInstance: group_proj_dbt.dbt_snapshot manual__2025-12-08T06:52:05.274577+00:00 [queued]>
[2025-12-08T06:52:22.710+0000] {taskinstance.py:1157} INFO - Dependencies all met for dep_context=requeueable deps ti=<TaskInstance: group_proj_dbt.dbt_snapshot manual__2025-12-08T06:52:05.274577+00:00 [queued]>
[2025-12-08T06:52:22.710+0000] {taskinstance.py:1359} INFO - Starting attempt 1 of 1
[2025-12-08T06:52:22.720+0000] {taskinstance.py:1380} INFO - Executing <Task(BashOperator): dbt_snapshot> on 2025-12-08 06:52:05.274577+00:00
[2025-12-08T06:52:22.728+0000] {standard_task_runner.py:57} INFO - Started process 3668 to run task
[2025-12-08T06:52:22.733+0000] {standard_task_runner.py:84} INFO - Running: ['***', 'tasks', 'run', 'group_proj_dbt', 'dbt_snapshot', 'manual__2025-12-08T06:52:05.274577+00:00', '--job-id', '51', '--raw', '--subdir', 'DAGS_FOLDER/group_proj_dbt.py', '--cfg-path', '/tmp/tmp588pzopj']
[2025-12-08T06:52:22.739+0000] {standard_task_runner.py:85} INFO - Job 51: Subtask dbt_snapshot
[2025-12-08T06:52:22.772+0000] {logging_mixin.py:151} WARNING - /home/***/.local/lib/python3.9/site-packages/***/settings.py:195 DeprecationWarning: The sql_alchemy_conn option in [core] has been moved to the sql_alchemy_conn option in [database] - the old setting has been used, but please update your config.
[2025-12-08T06:52:22.815+0000] {task_command.py:415} INFO - Running <TaskInstance: group_proj_dbt.dbt_snapshot manual__2025-12-08T06:52:05.274577+00:00 [running]> on host 9b5a184fb48c
[2025-12-08T06:52:22.870+0000] {taskinstance.py:1660} INFO - Exporting env vars: AIRFLOW_CTX_DAG_OWNER='calvin' AIRFLOW_CTX_DAG_ID='group_proj_dbt' AIRFLOW_CTX_TASK_ID='dbt_snapshot' AIRFLOW_CTX_EXECUTION_DATE='2025-12-08T06:52:05.274577+00:00' AIRFLOW_CTX_TRY_NUMBER='1' AIRFLOW_CTX_DAG_RUN_ID='manual__2025-12-08T06:52:05.274577+00:00'
[2025-12-08T06:52:22.871+0000] {subprocess.py:63} INFO - Tmp dir root location: /tmp
[2025-12-08T06:52:22.872+0000] {subprocess.py:75} INFO - Running command: ['/bin/bash', '-c', '/home/***/.local/bin/dbt snapshot --profiles-dir /opt/***/dbt --project-dir /opt/***/dbt']
[2025-12-08T06:52:22.880+0000] {subprocess.py:86} INFO - Output:
[2025-12-08T06:52:23.990+0000] {subprocess.py:93} INFO - [0m06:52:23  Running with dbt=1.11.0-b3
[2025-12-08T06:52:24.669+0000] {subprocess.py:93} INFO - [0m06:52:24  Registered adapter: snowflake=1.10.2
[2025-12-08T06:52:24.898+0000] {subprocess.py:93} INFO - [0m06:52:24  [[33mWARNING[0m]: Configuration paths exist in your dbt_project.yml file which do not apply to any resources.
[2025-12-08T06:52:24.898+0000] {subprocess.py:93} INFO - There are 2 unused configuration paths:
[2025-12-08T06:52:24.898+0000] {subprocess.py:93} INFO - - models.stock_crypto_project.input
[2025-12-08T06:52:24.898+0000] {subprocess.py:93} INFO - - models.stock_crypto_project.output
[2025-12-08T06:52:24.984+0000] {subprocess.py:93} INFO - [0m06:52:24  Found 3 models, 2 sources, 492 macros
[2025-12-08T06:52:24.985+0000] {subprocess.py:93} INFO - [0m06:52:24  Nothing to do. Try checking your model configs and model specification args
[2025-12-08T06:52:25.635+0000] {subprocess.py:97} INFO - Command exited with return code 0
[2025-12-08T06:52:25.676+0000] {taskinstance.py:1398} INFO - Marking task as SUCCESS. dag_id=group_proj_dbt, task_id=dbt_snapshot, execution_date=20251208T065205, start_date=20251208T065222, end_date=20251208T065225
[2025-12-08T06:52:25.716+0000] {local_task_job_runner.py:228} INFO - Task exited with return code 0
[2025-12-08T06:52:25.755+0000] {taskinstance.py:2776} INFO - 0 downstream tasks scheduled from follow-on schedule check
