[2025-12-08T05:39:48.748+0000] {taskinstance.py:1157} INFO - Dependencies all met for dep_context=non-requeueable deps ti=<TaskInstance: market_ml_forecasting.train_forecast_model scheduled__2025-12-07T00:00:00+00:00 [queued]>
[2025-12-08T05:39:48.751+0000] {taskinstance.py:1157} INFO - Dependencies all met for dep_context=requeueable deps ti=<TaskInstance: market_ml_forecasting.train_forecast_model scheduled__2025-12-07T00:00:00+00:00 [queued]>
[2025-12-08T05:39:48.751+0000] {taskinstance.py:1359} INFO - Starting attempt 1 of 1
[2025-12-08T05:39:48.755+0000] {taskinstance.py:1380} INFO - Executing <Task(SnowflakeOperator): train_forecast_model> on 2025-12-07 00:00:00+00:00
[2025-12-08T05:39:48.758+0000] {standard_task_runner.py:57} INFO - Started process 1147 to run task
[2025-12-08T05:39:48.760+0000] {standard_task_runner.py:84} INFO - Running: ['***', 'tasks', 'run', 'market_ml_forecasting', 'train_forecast_model', 'scheduled__2025-12-07T00:00:00+00:00', '--job-id', '23', '--raw', '--subdir', 'DAGS_FOLDER/ml_forecast_dag.py', '--cfg-path', '/tmp/tmpa2zmao9p']
[2025-12-08T05:39:48.761+0000] {standard_task_runner.py:85} INFO - Job 23: Subtask train_forecast_model
[2025-12-08T05:39:48.771+0000] {logging_mixin.py:151} WARNING - /home/***/.local/lib/python3.9/site-packages/***/settings.py:195 DeprecationWarning: The sql_alchemy_conn option in [core] has been moved to the sql_alchemy_conn option in [database] - the old setting has been used, but please update your config.
[2025-12-08T05:39:48.790+0000] {task_command.py:415} INFO - Running <TaskInstance: market_ml_forecasting.train_forecast_model scheduled__2025-12-07T00:00:00+00:00 [running]> on host 9b5a184fb48c
[2025-12-08T05:39:48.826+0000] {taskinstance.py:1660} INFO - Exporting env vars: AIRFLOW_CTX_DAG_OWNER='***' AIRFLOW_CTX_DAG_ID='market_ml_forecasting' AIRFLOW_CTX_TASK_ID='train_forecast_model' AIRFLOW_CTX_EXECUTION_DATE='2025-12-07T00:00:00+00:00' AIRFLOW_CTX_TRY_NUMBER='1' AIRFLOW_CTX_DAG_RUN_ID='scheduled__2025-12-07T00:00:00+00:00'
[2025-12-08T05:39:48.826+0000] {sql.py:274} INFO - Executing: 
            CREATE OR REPLACE SNOWFLAKE.ML.FORECAST ANALYTICS.market_price_forecaster(
                INPUT_DATA => SYSTEM$REFERENCE('VIEW', 'ANALYTICS.stg_market_prices'),
                SERIES_COLNAME => 'symbol',
                TIMESTAMP_COLNAME => 'date',
                TARGET_COLNAME => 'close'
            );
        
[2025-12-08T05:39:48.832+0000] {taskinstance.py:1935} ERROR - Task failed with exception
Traceback (most recent call last):
  File "/home/airflow/.local/lib/python3.9/site-packages/airflow/providers/common/sql/operators/sql.py", line 275, in execute
    hook = self.get_db_hook()
  File "/home/airflow/.local/lib/python3.9/site-packages/airflow/providers/common/sql/operators/sql.py", line 186, in get_db_hook
    return self._hook
  File "/usr/local/lib/python3.9/functools.py", line 993, in __get__
    val = self.func(instance)
  File "/home/airflow/.local/lib/python3.9/site-packages/airflow/providers/common/sql/operators/sql.py", line 148, in _hook
    conn = BaseHook.get_connection(conn_id)
  File "/home/airflow/.local/lib/python3.9/site-packages/airflow/hooks/base.py", line 72, in get_connection
    conn = Connection.get_connection_from_secrets(conn_id)
  File "/home/airflow/.local/lib/python3.9/site-packages/airflow/models/connection.py", line 477, in get_connection_from_secrets
    raise AirflowNotFoundException(f"The conn_id `{conn_id}` isn't defined")
airflow.exceptions.AirflowNotFoundException: The conn_id `snowflake_default` isn't defined
[2025-12-08T05:39:48.834+0000] {taskinstance.py:1398} INFO - Marking task as FAILED. dag_id=market_ml_forecasting, task_id=train_forecast_model, execution_date=20251207T000000, start_date=20251208T053948, end_date=20251208T053948
[2025-12-08T05:39:48.837+0000] {standard_task_runner.py:104} ERROR - Failed to execute job 23 for task train_forecast_model (The conn_id `snowflake_default` isn't defined; 1147)
[2025-12-08T05:39:48.859+0000] {local_task_job_runner.py:228} INFO - Task exited with return code 1
[2025-12-08T05:39:48.867+0000] {taskinstance.py:2776} INFO - 0 downstream tasks scheduled from follow-on schedule check
