[2025-12-08T06:05:12.641+0000] {taskinstance.py:1157} INFO - Dependencies all met for dep_context=non-requeueable deps ti=<TaskInstance: market_ml_forecasting.train_forecast_model manual__2025-12-08T06:05:04.865232+00:00 [queued]>
[2025-12-08T06:05:12.647+0000] {taskinstance.py:1157} INFO - Dependencies all met for dep_context=requeueable deps ti=<TaskInstance: market_ml_forecasting.train_forecast_model manual__2025-12-08T06:05:04.865232+00:00 [queued]>
[2025-12-08T06:05:12.647+0000] {taskinstance.py:1359} INFO - Starting attempt 1 of 2
[2025-12-08T06:05:12.651+0000] {taskinstance.py:1380} INFO - Executing <Task(SnowflakeOperator): train_forecast_model> on 2025-12-08 06:05:04.865232+00:00
[2025-12-08T06:05:12.655+0000] {standard_task_runner.py:57} INFO - Started process 2089 to run task
[2025-12-08T06:05:12.657+0000] {standard_task_runner.py:84} INFO - Running: ['***', 'tasks', 'run', 'market_ml_forecasting', 'train_forecast_model', 'manual__2025-12-08T06:05:04.865232+00:00', '--job-id', '39', '--raw', '--subdir', 'DAGS_FOLDER/ml_forecast_dag.py', '--cfg-path', '/tmp/tmpn2z4utio']
[2025-12-08T06:05:12.659+0000] {standard_task_runner.py:85} INFO - Job 39: Subtask train_forecast_model
[2025-12-08T06:05:12.667+0000] {logging_mixin.py:151} WARNING - /home/***/.local/lib/python3.9/site-packages/***/settings.py:195 DeprecationWarning: The sql_alchemy_conn option in [core] has been moved to the sql_alchemy_conn option in [database] - the old setting has been used, but please update your config.
[2025-12-08T06:05:12.681+0000] {task_command.py:415} INFO - Running <TaskInstance: market_ml_forecasting.train_forecast_model manual__2025-12-08T06:05:04.865232+00:00 [running]> on host 9b5a184fb48c
[2025-12-08T06:05:12.708+0000] {taskinstance.py:1660} INFO - Exporting env vars: AIRFLOW_CTX_DAG_OWNER='***' AIRFLOW_CTX_DAG_ID='market_ml_forecasting' AIRFLOW_CTX_TASK_ID='train_forecast_model' AIRFLOW_CTX_EXECUTION_DATE='2025-12-08T06:05:04.865232+00:00' AIRFLOW_CTX_TRY_NUMBER='1' AIRFLOW_CTX_DAG_RUN_ID='manual__2025-12-08T06:05:04.865232+00:00'
[2025-12-08T06:05:12.709+0000] {sql.py:274} INFO - Executing: 
            CREATE OR REPLACE SNOWFLAKE.ML.FORECAST ANALYTICS.market_price_forecaster(
                INPUT_DATA => SYSTEM$REFERENCE('TABLE', 'ANALYTICS.market_training_data'),
                SERIES_COLNAME => 'symbol',
                TIMESTAMP_COLNAME => 'date',
                TARGET_COLNAME => 'close'
            );
        
[2025-12-08T06:05:12.718+0000] {base.py:73} INFO - Using connection ID 'snowflake_conn' for task execution.
[2025-12-08T06:05:12.722+0000] {base.py:73} INFO - Using connection ID 'snowflake_conn' for task execution.
[2025-12-08T06:05:12.723+0000] {connection.py:521} INFO - Snowflake Connector for Python Version: 3.18.0, Python Version: 3.9.18, Platform: Linux-6.10.14-linuxkit-aarch64-with-glibc2.31
[2025-12-08T06:05:12.724+0000] {connection.py:1464} INFO - Connecting to GLOBAL Snowflake domain
[2025-12-08T06:05:13.286+0000] {sql.py:418} INFO - Running statement: CREATE OR REPLACE SNOWFLAKE.ML.FORECAST ANALYTICS.market_price_forecaster(
                INPUT_DATA => SYSTEM$REFERENCE('TABLE', 'ANALYTICS.market_training_data'),
                SERIES_COLNAME => 'symbol',
                TIMESTAMP_COLNAME => 'date',
                TARGET_COLNAME => 'close'
            );, parameters: None
[2025-12-08T06:07:55.067+0000] {sql.py:427} INFO - Rows affected: 1
[2025-12-08T06:07:55.071+0000] {snowflake.py:427} INFO - Rows affected: 1
[2025-12-08T06:07:55.071+0000] {snowflake.py:428} INFO - Snowflake query id: 01c0e82d-0307-38f7-0018-7f63000270de
[2025-12-08T06:07:55.292+0000] {taskinstance.py:1398} INFO - Marking task as SUCCESS. dag_id=market_ml_forecasting, task_id=train_forecast_model, execution_date=20251208T060504, start_date=20251208T060512, end_date=20251208T060755
[2025-12-08T06:07:55.428+0000] {local_task_job_runner.py:228} INFO - Task exited with return code 0
[2025-12-08T06:07:55.528+0000] {taskinstance.py:2776} INFO - 0 downstream tasks scheduled from follow-on schedule check
